ERROR - 2022-08-05 02:24:49 --> Error connecting to the database: No connection could be made because the target machine actively refused it
CRITICAL - 2022-08-05 02:24:49 --> Unable to connect to the database.
Main connection [MySQLi]: No connection could be made because the target machine actively refused it
#0 C:\xampp\htdocs\bkmini\system\Database\BaseConnection.php(577): CodeIgniter\Database\BaseConnection->initialize()
#1 C:\xampp\htdocs\bkmini\system\Database\BaseBuilder.php(1443): CodeIgniter\Database\BaseConnection->query('SELECT *\nFROM `...', Array, false)
#2 C:\xampp\htdocs\bkmini\system\Model.php(183): CodeIgniter\Database\BaseBuilder->get()
#3 C:\xampp\htdocs\bkmini\system\BaseModel.php(584): CodeIgniter\Model->doFindAll(0, 0)
#4 C:\xampp\htdocs\bkmini\app\Controllers\customer.php(28): CodeIgniter\BaseModel->findAll()
#5 C:\xampp\htdocs\bkmini\system\CodeIgniter.php(824): App\Controllers\customer->index()
#6 C:\xampp\htdocs\bkmini\system\CodeIgniter.php(410): CodeIgniter\CodeIgniter->runController(Object(App\Controllers\customer))
#7 C:\xampp\htdocs\bkmini\system\CodeIgniter.php(318): CodeIgniter\CodeIgniter->handleRequest(NULL, Object(Config\Cache), false)
#8 C:\xampp\htdocs\bkmini\public\index.php(37): CodeIgniter\CodeIgniter->run()
#9 C:\xampp\htdocs\bkmini\system\Commands\Server\rewrite.php(43): require_once('C:\\xampp\\htdocs...')
#10 {main}
CRITICAL - 2022-08-05 14:25:57 --> Undefined property: App\Controllers\Tesmenu::$MenuModel
#0 C:\xampp\htdocs\bkmini\app\Controllers\Tesmenu.php(23): CodeIgniter\Debug\Exceptions->errorHandler(2, 'Undefined prope...', 'C:\\xampp\\htdocs...', 23)
#1 C:\xampp\htdocs\bkmini\system\CodeIgniter.php(824): App\Controllers\Tesmenu->index()
#2 C:\xampp\htdocs\bkmini\system\CodeIgniter.php(410): CodeIgniter\CodeIgniter->runController(Object(App\Controllers\Tesmenu))
#3 C:\xampp\htdocs\bkmini\system\CodeIgniter.php(318): CodeIgniter\CodeIgniter->handleRequest(NULL, Object(Config\Cache), false)
#4 C:\xampp\htdocs\bkmini\index.php(37): CodeIgniter\CodeIgniter->run()
#5 {main}
CRITICAL - 2022-08-05 14:27:08 --> Call to undefined method App\Models\MenuModel::read
#0 C:\xampp\htdocs\bkmini\app\Controllers\Tesmenu.php(23): CodeIgniter\Model->__call('read', Array)
#1 C:\xampp\htdocs\bkmini\system\CodeIgniter.php(824): App\Controllers\Tesmenu->index()
#2 C:\xampp\htdocs\bkmini\system\CodeIgniter.php(410): CodeIgniter\CodeIgniter->runController(Object(App\Controllers\Tesmenu))
#3 C:\xampp\htdocs\bkmini\system\CodeIgniter.php(318): CodeIgniter\CodeIgniter->handleRequest(NULL, Object(Config\Cache), false)
#4 C:\xampp\htdocs\bkmini\index.php(37): CodeIgniter\CodeIgniter->run()
#5 {main}
CRITICAL - 2022-08-05 14:33:22 --> Declaration of App\Models\TesMenuModel::update($id, $value, $modul) must be compatible with CodeIgniter\Model::update($id = null, $data = null): bool
#0 [internal function]: CodeIgniter\Debug\Exceptions->shutdownHandler()
#1 {main}
CRITICAL - 2022-08-05 14:33:39 --> Undefined property: App\Controllers\Tesmenu::$load
#0 C:\xampp\htdocs\bkmini\app\Controllers\Tesmenu.php(24): CodeIgniter\Debug\Exceptions->errorHandler(2, 'Undefined prope...', 'C:\\xampp\\htdocs...', 24)
#1 C:\xampp\htdocs\bkmini\system\CodeIgniter.php(824): App\Controllers\Tesmenu->index()
#2 C:\xampp\htdocs\bkmini\system\CodeIgniter.php(410): CodeIgniter\CodeIgniter->runController(Object(App\Controllers\Tesmenu))
#3 C:\xampp\htdocs\bkmini\system\CodeIgniter.php(318): CodeIgniter\CodeIgniter->handleRequest(NULL, Object(Config\Cache), false)
#4 C:\xampp\htdocs\bkmini\index.php(37): CodeIgniter\CodeIgniter->run()
#5 {main}
CRITICAL - 2022-08-05 14:34:30 --> Undefined variable $data
#0 C:\xampp\htdocs\bkmini\app\Views\tesmenu.php(43): CodeIgniter\Debug\Exceptions->errorHandler(2, 'Undefined varia...', 'C:\\xampp\\htdocs...', 43)
#1 C:\xampp\htdocs\bkmini\system\View\View.php(214): include('C:\\xampp\\htdocs...')
#2 C:\xampp\htdocs\bkmini\system\View\View.php(217): CodeIgniter\View\View->CodeIgniter\View\{closure}()
#3 C:\xampp\htdocs\bkmini\system\Common.php(1097): CodeIgniter\View\View->render('tesmenu', Array, true)
#4 C:\xampp\htdocs\bkmini\app\Controllers\Tesmenu.php(24): view('tesmenu')
#5 C:\xampp\htdocs\bkmini\system\CodeIgniter.php(824): App\Controllers\Tesmenu->index()
#6 C:\xampp\htdocs\bkmini\system\CodeIgniter.php(410): CodeIgniter\CodeIgniter->runController(Object(App\Controllers\Tesmenu))
#7 C:\xampp\htdocs\bkmini\system\CodeIgniter.php(318): CodeIgniter\CodeIgniter->handleRequest(NULL, Object(Config\Cache), false)
#8 C:\xampp\htdocs\bkmini\index.php(37): CodeIgniter\CodeIgniter->run()
#9 {main}
CRITICAL - 2022-08-05 14:34:45 --> Undefined variable $data
#0 C:\xampp\htdocs\bkmini\app\Views\tesmenu.php(43): CodeIgniter\Debug\Exceptions->errorHandler(2, 'Undefined varia...', 'C:\\xampp\\htdocs...', 43)
#1 C:\xampp\htdocs\bkmini\system\View\View.php(214): include('C:\\xampp\\htdocs...')
#2 C:\xampp\htdocs\bkmini\system\View\View.php(217): CodeIgniter\View\View->CodeIgniter\View\{closure}()
#3 C:\xampp\htdocs\bkmini\system\Common.php(1097): CodeIgniter\View\View->render('tesmenu', Array, true)
#4 C:\xampp\htdocs\bkmini\app\Controllers\Tesmenu.php(24): view('tesmenu')
#5 C:\xampp\htdocs\bkmini\system\CodeIgniter.php(824): App\Controllers\Tesmenu->index()
#6 C:\xampp\htdocs\bkmini\system\CodeIgniter.php(410): CodeIgniter\CodeIgniter->runController(Object(App\Controllers\Tesmenu))
#7 C:\xampp\htdocs\bkmini\system\CodeIgniter.php(318): CodeIgniter\CodeIgniter->handleRequest(NULL, Object(Config\Cache), false)
#8 C:\xampp\htdocs\bkmini\index.php(37): CodeIgniter\CodeIgniter->run()
#9 {main}
CRITICAL - 2022-08-05 14:35:36 --> Undefined property: App\Controllers\Tesmenu::$load
#0 C:\xampp\htdocs\bkmini\app\Controllers\Tesmenu.php(24): CodeIgniter\Debug\Exceptions->errorHandler(2, 'Undefined prope...', 'C:\\xampp\\htdocs...', 24)
#1 C:\xampp\htdocs\bkmini\system\CodeIgniter.php(824): App\Controllers\Tesmenu->index()
#2 C:\xampp\htdocs\bkmini\system\CodeIgniter.php(410): CodeIgniter\CodeIgniter->runController(Object(App\Controllers\Tesmenu))
#3 C:\xampp\htdocs\bkmini\system\CodeIgniter.php(318): CodeIgniter\CodeIgniter->handleRequest(NULL, Object(Config\Cache), false)
#4 C:\xampp\htdocs\bkmini\index.php(37): CodeIgniter\CodeIgniter->run()
#5 {main}
CRITICAL - 2022-08-05 14:36:42 --> Undefined variable $data
#0 C:\xampp\htdocs\bkmini\app\Views\tesmenu.php(43): CodeIgniter\Debug\Exceptions->errorHandler(2, 'Undefined varia...', 'C:\\xampp\\htdocs...', 43)
#1 C:\xampp\htdocs\bkmini\system\View\View.php(214): include('C:\\xampp\\htdocs...')
#2 C:\xampp\htdocs\bkmini\system\View\View.php(217): CodeIgniter\View\View->CodeIgniter\View\{closure}()
#3 C:\xampp\htdocs\bkmini\system\Common.php(1097): CodeIgniter\View\View->render('tesmenu', Array, true)
#4 C:\xampp\htdocs\bkmini\app\Controllers\Tesmenu.php(24): view('tesmenu', Array)
#5 C:\xampp\htdocs\bkmini\system\CodeIgniter.php(824): App\Controllers\Tesmenu->index()
#6 C:\xampp\htdocs\bkmini\system\CodeIgniter.php(410): CodeIgniter\CodeIgniter->runController(Object(App\Controllers\Tesmenu))
#7 C:\xampp\htdocs\bkmini\system\CodeIgniter.php(318): CodeIgniter\CodeIgniter->handleRequest(NULL, Object(Config\Cache), false)
#8 C:\xampp\htdocs\bkmini\index.php(37): CodeIgniter\CodeIgniter->run()
#9 {main}
CRITICAL - 2022-08-05 14:37:44 --> Undefined variable $data
#0 C:\xampp\htdocs\bkmini\app\Views\tesmenu.php(43): CodeIgniter\Debug\Exceptions->errorHandler(2, 'Undefined varia...', 'C:\\xampp\\htdocs...', 43)
#1 C:\xampp\htdocs\bkmini\system\View\View.php(214): include('C:\\xampp\\htdocs...')
#2 C:\xampp\htdocs\bkmini\system\View\View.php(217): CodeIgniter\View\View->CodeIgniter\View\{closure}()
#3 C:\xampp\htdocs\bkmini\system\Common.php(1097): CodeIgniter\View\View->render('tesmenu', Array, true)
#4 C:\xampp\htdocs\bkmini\app\Controllers\Tesmenu.php(24): view('tesmenu', Array)
#5 C:\xampp\htdocs\bkmini\system\CodeIgniter.php(824): App\Controllers\Tesmenu->index()
#6 C:\xampp\htdocs\bkmini\system\CodeIgniter.php(410): CodeIgniter\CodeIgniter->runController(Object(App\Controllers\Tesmenu))
#7 C:\xampp\htdocs\bkmini\system\CodeIgniter.php(318): CodeIgniter\CodeIgniter->handleRequest(NULL, Object(Config\Cache), false)
#8 C:\xampp\htdocs\bkmini\index.php(37): CodeIgniter\CodeIgniter->run()
#9 {main}
CRITICAL - 2022-08-05 14:38:38 --> Undefined variable $data
#0 C:\xampp\htdocs\bkmini\app\Views\tesmenu.php(43): CodeIgniter\Debug\Exceptions->errorHandler(2, 'Undefined varia...', 'C:\\xampp\\htdocs...', 43)
#1 C:\xampp\htdocs\bkmini\system\View\View.php(214): include('C:\\xampp\\htdocs...')
#2 C:\xampp\htdocs\bkmini\system\View\View.php(217): CodeIgniter\View\View->CodeIgniter\View\{closure}()
#3 C:\xampp\htdocs\bkmini\system\Common.php(1097): CodeIgniter\View\View->render('tesmenu', Array, true)
#4 C:\xampp\htdocs\bkmini\app\Controllers\Tesmenu.php(24): view('tesmenu', Array)
#5 C:\xampp\htdocs\bkmini\system\CodeIgniter.php(824): App\Controllers\Tesmenu->index()
#6 C:\xampp\htdocs\bkmini\system\CodeIgniter.php(410): CodeIgniter\CodeIgniter->runController(Object(App\Controllers\Tesmenu))
#7 C:\xampp\htdocs\bkmini\system\CodeIgniter.php(318): CodeIgniter\CodeIgniter->handleRequest(NULL, Object(Config\Cache), false)
#8 C:\xampp\htdocs\bkmini\index.php(37): CodeIgniter\CodeIgniter->run()
#9 {main}
CRITICAL - 2022-08-05 14:40:01 --> Undefined variable $data
#0 C:\xampp\htdocs\bkmini\app\Views\tesmenu.php(43): CodeIgniter\Debug\Exceptions->errorHandler(2, 'Undefined varia...', 'C:\\xampp\\htdocs...', 43)
#1 C:\xampp\htdocs\bkmini\system\View\View.php(214): include('C:\\xampp\\htdocs...')
#2 C:\xampp\htdocs\bkmini\system\View\View.php(217): CodeIgniter\View\View->CodeIgniter\View\{closure}()
#3 C:\xampp\htdocs\bkmini\system\Common.php(1097): CodeIgniter\View\View->render('tesmenu', Array, true)
#4 C:\xampp\htdocs\bkmini\app\Controllers\Tesmenu.php(24): view('tesmenu', Array)
#5 C:\xampp\htdocs\bkmini\system\CodeIgniter.php(824): App\Controllers\Tesmenu->index()
#6 C:\xampp\htdocs\bkmini\system\CodeIgniter.php(410): CodeIgniter\CodeIgniter->runController(Object(App\Controllers\Tesmenu))
#7 C:\xampp\htdocs\bkmini\system\CodeIgniter.php(318): CodeIgniter\CodeIgniter->handleRequest(NULL, Object(Config\Cache), false)
#8 C:\xampp\htdocs\bkmini\index.php(37): CodeIgniter\CodeIgniter->run()
#9 {main}
CRITICAL - 2022-08-05 14:40:37 --> Undefined variable $data
#0 C:\xampp\htdocs\bkmini\app\Views\tesmenu.php(43): CodeIgniter\Debug\Exceptions->errorHandler(2, 'Undefined varia...', 'C:\\xampp\\htdocs...', 43)
#1 C:\xampp\htdocs\bkmini\system\View\View.php(214): include('C:\\xampp\\htdocs...')
#2 C:\xampp\htdocs\bkmini\system\View\View.php(217): CodeIgniter\View\View->CodeIgniter\View\{closure}()
#3 C:\xampp\htdocs\bkmini\system\Common.php(1097): CodeIgniter\View\View->render('tesmenu', Array, true)
#4 C:\xampp\htdocs\bkmini\app\Controllers\Tesmenu.php(20): view('tesmenu', Array)
#5 C:\xampp\htdocs\bkmini\system\CodeIgniter.php(824): App\Controllers\Tesmenu->index()
#6 C:\xampp\htdocs\bkmini\system\CodeIgniter.php(410): CodeIgniter\CodeIgniter->runController(Object(App\Controllers\Tesmenu))
#7 C:\xampp\htdocs\bkmini\system\CodeIgniter.php(318): CodeIgniter\CodeIgniter->handleRequest(NULL, Object(Config\Cache), false)
#8 C:\xampp\htdocs\bkmini\index.php(37): CodeIgniter\CodeIgniter->run()
#9 {main}
CRITICAL - 2022-08-05 14:44:16 --> Undefined variable $data
#0 C:\xampp\htdocs\bkmini\app\Views\tesmenu.php(43): CodeIgniter\Debug\Exceptions->errorHandler(2, 'Undefined varia...', 'C:\\xampp\\htdocs...', 43)
#1 C:\xampp\htdocs\bkmini\system\View\View.php(214): include('C:\\xampp\\htdocs...')
#2 C:\xampp\htdocs\bkmini\system\View\View.php(217): CodeIgniter\View\View->CodeIgniter\View\{closure}()
#3 C:\xampp\htdocs\bkmini\system\Common.php(1097): CodeIgniter\View\View->render('tesmenu', Array, true)
#4 C:\xampp\htdocs\bkmini\app\Controllers\Tesmenu.php(24): view('tesmenu', Array)
#5 C:\xampp\htdocs\bkmini\system\CodeIgniter.php(824): App\Controllers\Tesmenu->index()
#6 C:\xampp\htdocs\bkmini\system\CodeIgniter.php(410): CodeIgniter\CodeIgniter->runController(Object(App\Controllers\Tesmenu))
#7 C:\xampp\htdocs\bkmini\system\CodeIgniter.php(318): CodeIgniter\CodeIgniter->handleRequest(NULL, Object(Config\Cache), false)
#8 C:\xampp\htdocs\bkmini\index.php(37): CodeIgniter\CodeIgniter->run()
#9 {main}
CRITICAL - 2022-08-05 14:44:50 --> Undefined variable $data
#0 C:\xampp\htdocs\bkmini\app\Views\tesmenu.php(43): CodeIgniter\Debug\Exceptions->errorHandler(2, 'Undefined varia...', 'C:\\xampp\\htdocs...', 43)
#1 C:\xampp\htdocs\bkmini\system\View\View.php(214): include('C:\\xampp\\htdocs...')
#2 C:\xampp\htdocs\bkmini\system\View\View.php(217): CodeIgniter\View\View->CodeIgniter\View\{closure}()
#3 C:\xampp\htdocs\bkmini\system\Common.php(1097): CodeIgniter\View\View->render('tesmenu', Array, true)
#4 C:\xampp\htdocs\bkmini\app\Controllers\Tesmenu.php(21): view('tesmenu', Array)
#5 C:\xampp\htdocs\bkmini\system\CodeIgniter.php(824): App\Controllers\Tesmenu->index()
#6 C:\xampp\htdocs\bkmini\system\CodeIgniter.php(410): CodeIgniter\CodeIgniter->runController(Object(App\Controllers\Tesmenu))
#7 C:\xampp\htdocs\bkmini\system\CodeIgniter.php(318): CodeIgniter\CodeIgniter->handleRequest(NULL, Object(Config\Cache), false)
#8 C:\xampp\htdocs\bkmini\index.php(37): CodeIgniter\CodeIgniter->run()
#9 {main}
CRITICAL - 2022-08-05 14:44:56 --> Undefined variable $data
#0 C:\xampp\htdocs\bkmini\app\Views\tesmenu.php(43): CodeIgniter\Debug\Exceptions->errorHandler(2, 'Undefined varia...', 'C:\\xampp\\htdocs...', 43)
#1 C:\xampp\htdocs\bkmini\system\View\View.php(214): include('C:\\xampp\\htdocs...')
#2 C:\xampp\htdocs\bkmini\system\View\View.php(217): CodeIgniter\View\View->CodeIgniter\View\{closure}()
#3 C:\xampp\htdocs\bkmini\system\Common.php(1097): CodeIgniter\View\View->render('tesmenu', Array, true)
#4 C:\xampp\htdocs\bkmini\app\Controllers\Tesmenu.php(21): view('tesmenu', Array)
#5 C:\xampp\htdocs\bkmini\system\CodeIgniter.php(824): App\Controllers\Tesmenu->index()
#6 C:\xampp\htdocs\bkmini\system\CodeIgniter.php(410): CodeIgniter\CodeIgniter->runController(Object(App\Controllers\Tesmenu))
#7 C:\xampp\htdocs\bkmini\system\CodeIgniter.php(318): CodeIgniter\CodeIgniter->handleRequest(NULL, Object(Config\Cache), false)
#8 C:\xampp\htdocs\bkmini\index.php(37): CodeIgniter\CodeIgniter->run()
#9 {main}
CRITICAL - 2022-08-05 14:45:06 --> Undefined variable $data
#0 C:\xampp\htdocs\bkmini\app\Views\tesmenu.php(43): CodeIgniter\Debug\Exceptions->errorHandler(2, 'Undefined varia...', 'C:\\xampp\\htdocs...', 43)
#1 C:\xampp\htdocs\bkmini\system\View\View.php(214): include('C:\\xampp\\htdocs...')
#2 C:\xampp\htdocs\bkmini\system\View\View.php(217): CodeIgniter\View\View->CodeIgniter\View\{closure}()
#3 C:\xampp\htdocs\bkmini\system\Common.php(1097): CodeIgniter\View\View->render('tesmenu', Array, true)
#4 C:\xampp\htdocs\bkmini\app\Controllers\Tesmenu.php(21): view('tesmenu', Array)
#5 C:\xampp\htdocs\bkmini\system\CodeIgniter.php(824): App\Controllers\Tesmenu->index()
#6 C:\xampp\htdocs\bkmini\system\CodeIgniter.php(410): CodeIgniter\CodeIgniter->runController(Object(App\Controllers\Tesmenu))
#7 C:\xampp\htdocs\bkmini\system\CodeIgniter.php(318): CodeIgniter\CodeIgniter->handleRequest(NULL, Object(Config\Cache), false)
#8 C:\xampp\htdocs\bkmini\index.php(37): CodeIgniter\CodeIgniter->run()
#9 {main}
CRITICAL - 2022-08-05 14:45:47 --> Undefined property: App\Controllers\Tesmenu::$load
#0 C:\xampp\htdocs\bkmini\app\Controllers\Tesmenu.php(21): CodeIgniter\Debug\Exceptions->errorHandler(2, 'Undefined prope...', 'C:\\xampp\\htdocs...', 21)
#1 C:\xampp\htdocs\bkmini\system\CodeIgniter.php(824): App\Controllers\Tesmenu->index()
#2 C:\xampp\htdocs\bkmini\system\CodeIgniter.php(410): CodeIgniter\CodeIgniter->runController(Object(App\Controllers\Tesmenu))
#3 C:\xampp\htdocs\bkmini\system\CodeIgniter.php(318): CodeIgniter\CodeIgniter->handleRequest(NULL, Object(Config\Cache), false)
#4 C:\xampp\htdocs\bkmini\index.php(37): CodeIgniter\CodeIgniter->run()
#5 {main}
CRITICAL - 2022-08-05 14:46:36 --> Undefined property: App\Controllers\Tesmenu::$load
#0 C:\xampp\htdocs\bkmini\app\Controllers\Tesmenu.php(14): CodeIgniter\Debug\Exceptions->errorHandler(2, 'Undefined prope...', 'C:\\xampp\\htdocs...', 14)
#1 C:\xampp\htdocs\bkmini\system\CodeIgniter.php(801): App\Controllers\Tesmenu->__construct()
#2 C:\xampp\htdocs\bkmini\system\CodeIgniter.php(401): CodeIgniter\CodeIgniter->createController()
#3 C:\xampp\htdocs\bkmini\system\CodeIgniter.php(318): CodeIgniter\CodeIgniter->handleRequest(NULL, Object(Config\Cache), false)
#4 C:\xampp\htdocs\bkmini\index.php(37): CodeIgniter\CodeIgniter->run()
#5 {main}
CRITICAL - 2022-08-05 14:46:54 --> Undefined property: App\Controllers\Tesmenu::$load
#0 C:\xampp\htdocs\bkmini\app\Controllers\Tesmenu.php(14): CodeIgniter\Debug\Exceptions->errorHandler(2, 'Undefined prope...', 'C:\\xampp\\htdocs...', 14)
#1 C:\xampp\htdocs\bkmini\system\CodeIgniter.php(801): App\Controllers\Tesmenu->__construct()
#2 C:\xampp\htdocs\bkmini\system\CodeIgniter.php(401): CodeIgniter\CodeIgniter->createController()
#3 C:\xampp\htdocs\bkmini\system\CodeIgniter.php(318): CodeIgniter\CodeIgniter->handleRequest(NULL, Object(Config\Cache), false)
#4 C:\xampp\htdocs\bkmini\index.php(37): CodeIgniter\CodeIgniter->run()
#5 {main}
CRITICAL - 2022-08-05 14:48:24 --> Undefined property: App\Controllers\Tesmenu::$load
#0 C:\xampp\htdocs\bkmini\app\Controllers\Tesmenu.php(14): CodeIgniter\Debug\Exceptions->errorHandler(2, 'Undefined prope...', 'C:\\xampp\\htdocs...', 14)
#1 C:\xampp\htdocs\bkmini\system\CodeIgniter.php(801): App\Controllers\Tesmenu->__construct()
#2 C:\xampp\htdocs\bkmini\system\CodeIgniter.php(401): CodeIgniter\CodeIgniter->createController()
#3 C:\xampp\htdocs\bkmini\system\CodeIgniter.php(318): CodeIgniter\CodeIgniter->handleRequest(NULL, Object(Config\Cache), false)
#4 C:\xampp\htdocs\bkmini\index.php(37): CodeIgniter\CodeIgniter->run()
#5 {main}
CRITICAL - 2022-08-05 14:48:26 --> Undefined property: App\Controllers\Tesmenu::$load
#0 C:\xampp\htdocs\bkmini\app\Controllers\Tesmenu.php(14): CodeIgniter\Debug\Exceptions->errorHandler(2, 'Undefined prope...', 'C:\\xampp\\htdocs...', 14)
#1 C:\xampp\htdocs\bkmini\system\CodeIgniter.php(801): App\Controllers\Tesmenu->__construct()
#2 C:\xampp\htdocs\bkmini\system\CodeIgniter.php(401): CodeIgniter\CodeIgniter->createController()
#3 C:\xampp\htdocs\bkmini\system\CodeIgniter.php(318): CodeIgniter\CodeIgniter->handleRequest(NULL, Object(Config\Cache), false)
#4 C:\xampp\htdocs\bkmini\index.php(37): CodeIgniter\CodeIgniter->run()
#5 {main}
CRITICAL - 2022-08-05 14:48:31 --> Undefined variable $data
#0 C:\xampp\htdocs\bkmini\app\Views\tesmenu.php(43): CodeIgniter\Debug\Exceptions->errorHandler(2, 'Undefined varia...', 'C:\\xampp\\htdocs...', 43)
#1 C:\xampp\htdocs\bkmini\system\View\View.php(214): include('C:\\xampp\\htdocs...')
#2 C:\xampp\htdocs\bkmini\system\View\View.php(217): CodeIgniter\View\View->CodeIgniter\View\{closure}()
#3 C:\xampp\htdocs\bkmini\system\Common.php(1097): CodeIgniter\View\View->render('tesmenu', Array, true)
#4 C:\xampp\htdocs\bkmini\app\Controllers\Tesmenu.php(21): view('tesmenu', Array)
#5 C:\xampp\htdocs\bkmini\system\CodeIgniter.php(824): App\Controllers\Tesmenu->index()
#6 C:\xampp\htdocs\bkmini\system\CodeIgniter.php(410): CodeIgniter\CodeIgniter->runController(Object(App\Controllers\Tesmenu))
#7 C:\xampp\htdocs\bkmini\system\CodeIgniter.php(318): CodeIgniter\CodeIgniter->handleRequest(NULL, Object(Config\Cache), false)
#8 C:\xampp\htdocs\bkmini\index.php(37): CodeIgniter\CodeIgniter->run()
#9 {main}
CRITICAL - 2022-08-05 14:49:06 --> Undefined property: App\Controllers\Tesmenu::$view
#0 C:\xampp\htdocs\bkmini\app\Controllers\Tesmenu.php(21): CodeIgniter\Debug\Exceptions->errorHandler(2, 'Undefined prope...', 'C:\\xampp\\htdocs...', 21)
#1 C:\xampp\htdocs\bkmini\system\CodeIgniter.php(824): App\Controllers\Tesmenu->index()
#2 C:\xampp\htdocs\bkmini\system\CodeIgniter.php(410): CodeIgniter\CodeIgniter->runController(Object(App\Controllers\Tesmenu))
#3 C:\xampp\htdocs\bkmini\system\CodeIgniter.php(318): CodeIgniter\CodeIgniter->handleRequest(NULL, Object(Config\Cache), false)
#4 C:\xampp\htdocs\bkmini\index.php(37): CodeIgniter\CodeIgniter->run()
#5 {main}
CRITICAL - 2022-08-05 14:49:28 --> Undefined variable $data
#0 C:\xampp\htdocs\bkmini\app\Views\tesmenu.php(43): CodeIgniter\Debug\Exceptions->errorHandler(2, 'Undefined varia...', 'C:\\xampp\\htdocs...', 43)
#1 C:\xampp\htdocs\bkmini\system\View\View.php(214): include('C:\\xampp\\htdocs...')
#2 C:\xampp\htdocs\bkmini\system\View\View.php(217): CodeIgniter\View\View->CodeIgniter\View\{closure}()
#3 C:\xampp\htdocs\bkmini\system\Common.php(1097): CodeIgniter\View\View->render('tesmenu', Array, true)
#4 C:\xampp\htdocs\bkmini\app\Controllers\Tesmenu.php(21): view('tesmenu', Array)
#5 C:\xampp\htdocs\bkmini\system\CodeIgniter.php(824): App\Controllers\Tesmenu->index()
#6 C:\xampp\htdocs\bkmini\system\CodeIgniter.php(410): CodeIgniter\CodeIgniter->runController(Object(App\Controllers\Tesmenu))
#7 C:\xampp\htdocs\bkmini\system\CodeIgniter.php(318): CodeIgniter\CodeIgniter->handleRequest(NULL, Object(Config\Cache), false)
#8 C:\xampp\htdocs\bkmini\index.php(37): CodeIgniter\CodeIgniter->run()
#9 {main}
CRITICAL - 2022-08-05 14:57:20 --> There is no data to update.
#0 C:\xampp\htdocs\bkmini\system\BaseModel.php(846): CodeIgniter\Database\Exceptions\DataException::forEmptyDataset('update')
#1 C:\xampp\htdocs\bkmini\system\Model.php(646): CodeIgniter\BaseModel->update(Array, Array)
#2 C:\xampp\htdocs\bkmini\app\Controllers\Menu.php(61): CodeIgniter\Model->update('32', Array)
#3 C:\xampp\htdocs\bkmini\system\CodeIgniter.php(824): App\Controllers\Menu->ubahStok()
#4 C:\xampp\htdocs\bkmini\system\CodeIgniter.php(410): CodeIgniter\CodeIgniter->runController(Object(App\Controllers\Menu))
#5 C:\xampp\htdocs\bkmini\system\CodeIgniter.php(318): CodeIgniter\CodeIgniter->handleRequest(NULL, Object(Config\Cache), false)
#6 C:\xampp\htdocs\bkmini\index.php(37): CodeIgniter\CodeIgniter->run()
#7 {main}
CRITICAL - 2022-08-05 15:54:25 --> Undefined variable $data
#0 C:\xampp\htdocs\bkmini\app\Views\tesmenu.php(43): CodeIgniter\Debug\Exceptions->errorHandler(2, 'Undefined varia...', 'C:\\xampp\\htdocs...', 43)
#1 C:\xampp\htdocs\bkmini\system\View\View.php(214): include('C:\\xampp\\htdocs...')
#2 C:\xampp\htdocs\bkmini\system\View\View.php(217): CodeIgniter\View\View->CodeIgniter\View\{closure}()
#3 C:\xampp\htdocs\bkmini\system\Common.php(1097): CodeIgniter\View\View->render('tesmenu', Array, true)
#4 C:\xampp\htdocs\bkmini\app\Controllers\Tesmenu.php(21): view('tesmenu', Array)
#5 C:\xampp\htdocs\bkmini\system\CodeIgniter.php(824): App\Controllers\Tesmenu->index()
#6 C:\xampp\htdocs\bkmini\system\CodeIgniter.php(410): CodeIgniter\CodeIgniter->runController(Object(App\Controllers\Tesmenu))
#7 C:\xampp\htdocs\bkmini\system\CodeIgniter.php(318): CodeIgniter\CodeIgniter->handleRequest(NULL, Object(Config\Cache), false)
#8 C:\xampp\htdocs\bkmini\index.php(37): CodeIgniter\CodeIgniter->run()
#9 {main}
