CRITICAL - 2022-03-28 02:14:49 --> file_get_contents(): Read of 8192 bytes failed with errno=13 Permission denied
#0 [internal function]: CodeIgniter\Debug\Exceptions->errorHandler(8, 'file_get_conten...', 'C:\\xampp\\htdocs...', 80)
#1 C:\xampp\htdocs\minii\system\Debug\Toolbar\Collectors\History.php(80): file_get_contents('C:\\xampp\\htdocs...')
#2 C:\xampp\htdocs\minii\system\Debug\Toolbar.php(483): CodeIgniter\Debug\Toolbar\Collectors\History->setFiles(1648451687, 20)
#3 C:\xampp\htdocs\minii\system\Debug\Toolbar.php(460): CodeIgniter\Debug\Toolbar->format(Array, 'html')
#4 C:\xampp\htdocs\minii\app\Config\Events.php(48): CodeIgniter\Debug\Toolbar->respond()
#5 C:\xampp\htdocs\minii\system\Events\Events.php(149): CodeIgniter\Events\Events::Config\{closure}()
#6 C:\xampp\htdocs\minii\system\CodeIgniter.php(300): CodeIgniter\Events\Events::trigger('pre_system')
#7 C:\xampp\htdocs\minii\index.php(37): CodeIgniter\CodeIgniter->run()
#8 {main}
CRITICAL - 2022-03-28 02:44:44 --> View themes, no current section.
#0 C:\xampp\htdocs\minii\app\Views\customer.php(420): CodeIgniter\View\View->endSection()
#1 C:\xampp\htdocs\minii\system\View\View.php(214): include('C:\\xampp\\htdocs...')
#2 C:\xampp\htdocs\minii\system\View\View.php(217): CodeIgniter\View\View->CodeIgniter\View\{closure}()
#3 C:\xampp\htdocs\minii\system\Common.php(1097): CodeIgniter\View\View->render('customer', Array, true)
#4 C:\xampp\htdocs\minii\app\Controllers\customer.php(33): view('customer', Array)
#5 C:\xampp\htdocs\minii\system\CodeIgniter.php(824): App\Controllers\customer->index()
#6 C:\xampp\htdocs\minii\system\CodeIgniter.php(410): CodeIgniter\CodeIgniter->runController(Object(App\Controllers\customer))
#7 C:\xampp\htdocs\minii\system\CodeIgniter.php(318): CodeIgniter\CodeIgniter->handleRequest(NULL, Object(Config\Cache), false)
#8 C:\xampp\htdocs\minii\index.php(37): CodeIgniter\CodeIgniter->run()
#9 {main}
