ERROR - 2022-04-14 03:13:00 --> Table 'cafein.pemesanan' doesn't exist
CRITICAL - 2022-04-14 03:13:00 --> Table 'cafein.pemesanan' doesn't exist
#0 C:\xampp\htdocs\minii\system\Database\MySQLi\Connection.php(292): mysqli->query('SELECT *\nFROM `...', 0)
#1 C:\xampp\htdocs\minii\system\Database\BaseConnection.php(670): CodeIgniter\Database\MySQLi\Connection->execute('SELECT *\nFROM `...')
#2 C:\xampp\htdocs\minii\system\Database\BaseConnection.php(598): CodeIgniter\Database\BaseConnection->simpleQuery('SELECT *\nFROM `...')
#3 C:\xampp\htdocs\minii\system\Database\BaseBuilder.php(1443): CodeIgniter\Database\BaseConnection->query('SELECT *\nFROM `...', Array, false)
#4 C:\xampp\htdocs\minii\system\Model.php(183): CodeIgniter\Database\BaseBuilder->get()
#5 C:\xampp\htdocs\minii\system\BaseModel.php(584): CodeIgniter\Model->doFindAll(0, 0)
#6 C:\xampp\htdocs\minii\app\Controllers\Antrian.php(34): CodeIgniter\BaseModel->findAll()
#7 C:\xampp\htdocs\minii\system\CodeIgniter.php(824): App\Controllers\Antrian->dataAntrianSelesai()
#8 C:\xampp\htdocs\minii\system\CodeIgniter.php(410): CodeIgniter\CodeIgniter->runController(Object(App\Controllers\Antrian))
#9 C:\xampp\htdocs\minii\system\CodeIgniter.php(318): CodeIgniter\CodeIgniter->handleRequest(NULL, Object(Config\Cache), false)
#10 C:\xampp\htdocs\minii\index.php(37): CodeIgniter\CodeIgniter->run()
#11 {main}
ERROR - 2022-04-14 03:16:02 --> Table 'min1.pemesanan' doesn't exist
CRITICAL - 2022-04-14 03:16:02 --> Table 'min1.pemesanan' doesn't exist
#0 C:\xampp\htdocs\minii\system\Database\MySQLi\Connection.php(292): mysqli->query('SELECT *\nFROM `...', 0)
#1 C:\xampp\htdocs\minii\system\Database\BaseConnection.php(670): CodeIgniter\Database\MySQLi\Connection->execute('SELECT *\nFROM `...')
#2 C:\xampp\htdocs\minii\system\Database\BaseConnection.php(598): CodeIgniter\Database\BaseConnection->simpleQuery('SELECT *\nFROM `...')
#3 C:\xampp\htdocs\minii\system\Database\BaseBuilder.php(1443): CodeIgniter\Database\BaseConnection->query('SELECT *\nFROM `...', Array, false)
#4 C:\xampp\htdocs\minii\system\Model.php(183): CodeIgniter\Database\BaseBuilder->get()
#5 C:\xampp\htdocs\minii\system\BaseModel.php(584): CodeIgniter\Model->doFindAll(0, 0)
#6 C:\xampp\htdocs\minii\app\Controllers\Antrian.php(34): CodeIgniter\BaseModel->findAll()
#7 C:\xampp\htdocs\minii\system\CodeIgniter.php(824): App\Controllers\Antrian->dataAntrianSelesai()
#8 C:\xampp\htdocs\minii\system\CodeIgniter.php(410): CodeIgniter\CodeIgniter->runController(Object(App\Controllers\Antrian))
#9 C:\xampp\htdocs\minii\system\CodeIgniter.php(318): CodeIgniter\CodeIgniter->handleRequest(NULL, Object(Config\Cache), false)
#10 C:\xampp\htdocs\minii\index.php(37): CodeIgniter\CodeIgniter->run()
#11 {main}
