ERROR - 2022-07-19 01:43:28 --> Error connecting to the database: No connection could be made because the target machine actively refused it
CRITICAL - 2022-07-19 01:43:28 --> Unable to connect to the database.
Main connection [MySQLi]: No connection could be made because the target machine actively refused it
#0 C:\xampp\htdocs\bkmini\system\Database\BaseConnection.php(577): CodeIgniter\Database\BaseConnection->initialize()
#1 C:\xampp\htdocs\bkmini\system\Database\BaseBuilder.php(1443): CodeIgniter\Database\BaseConnection->query('SELECT *\nFROM `...', Array, false)
#2 C:\xampp\htdocs\bkmini\system\Model.php(183): CodeIgniter\Database\BaseBuilder->get()
#3 C:\xampp\htdocs\bkmini\system\BaseModel.php(584): CodeIgniter\Model->doFindAll(0, 0)
#4 C:\xampp\htdocs\bkmini\app\Controllers\customer.php(28): CodeIgniter\BaseModel->findAll()
#5 C:\xampp\htdocs\bkmini\system\CodeIgniter.php(824): App\Controllers\customer->index()
#6 C:\xampp\htdocs\bkmini\system\CodeIgniter.php(410): CodeIgniter\CodeIgniter->runController(Object(App\Controllers\customer))
#7 C:\xampp\htdocs\bkmini\system\CodeIgniter.php(318): CodeIgniter\CodeIgniter->handleRequest(NULL, Object(Config\Cache), false)
#8 C:\xampp\htdocs\bkmini\public\index.php(37): CodeIgniter\CodeIgniter->run()
#9 C:\xampp\htdocs\bkmini\system\Commands\Server\rewrite.php(43): require_once('C:\\xampp\\htdocs...')
#10 {main}
CRITICAL - 2022-07-19 03:52:46 --> Undefined array key 7
#0 C:\xampp\htdocs\bkmini\app\Views\home.php(306): CodeIgniter\Debug\Exceptions->errorHandler(2, 'Undefined array...', 'C:\\xampp\\htdocs...', 306)
#1 C:\xampp\htdocs\bkmini\system\View\View.php(214): include('C:\\xampp\\htdocs...')
#2 C:\xampp\htdocs\bkmini\system\View\View.php(217): CodeIgniter\View\View->CodeIgniter\View\{closure}()
#3 C:\xampp\htdocs\bkmini\system\Common.php(1097): CodeIgniter\View\View->render('home', Array, true)
#4 C:\xampp\htdocs\bkmini\app\Controllers\customer.php(33): view('home', Array)
#5 C:\xampp\htdocs\bkmini\system\CodeIgniter.php(824): App\Controllers\customer->index()
#6 C:\xampp\htdocs\bkmini\system\CodeIgniter.php(410): CodeIgniter\CodeIgniter->runController(Object(App\Controllers\customer))
#7 C:\xampp\htdocs\bkmini\system\CodeIgniter.php(318): CodeIgniter\CodeIgniter->handleRequest(NULL, Object(Config\Cache), false)
#8 C:\xampp\htdocs\bkmini\index.php(37): CodeIgniter\CodeIgniter->run()
#9 {main}
CRITICAL - 2022-07-19 03:53:51 --> Undefined array key 7
#0 C:\xampp\htdocs\bkmini\app\Views\home.php(306): CodeIgniter\Debug\Exceptions->errorHandler(2, 'Undefined array...', 'C:\\xampp\\htdocs...', 306)
#1 C:\xampp\htdocs\bkmini\system\View\View.php(214): include('C:\\xampp\\htdocs...')
#2 C:\xampp\htdocs\bkmini\system\View\View.php(217): CodeIgniter\View\View->CodeIgniter\View\{closure}()
#3 C:\xampp\htdocs\bkmini\system\Common.php(1097): CodeIgniter\View\View->render('home', Array, true)
#4 C:\xampp\htdocs\bkmini\app\Controllers\customer.php(33): view('home', Array)
#5 C:\xampp\htdocs\bkmini\system\CodeIgniter.php(824): App\Controllers\customer->index()
#6 C:\xampp\htdocs\bkmini\system\CodeIgniter.php(410): CodeIgniter\CodeIgniter->runController(Object(App\Controllers\customer))
#7 C:\xampp\htdocs\bkmini\system\CodeIgniter.php(318): CodeIgniter\CodeIgniter->handleRequest(NULL, Object(Config\Cache), false)
#8 C:\xampp\htdocs\bkmini\index.php(37): CodeIgniter\CodeIgniter->run()
#9 {main}
