CRITICAL - 2022-03-27 10:19:53 --> Undefined variable $totalTime
#0 C:\xampp\htdocs\minii\system\Debug\Toolbar\Views\toolbar.tpl.php(40): CodeIgniter\Debug\Exceptions->errorHandler(2, 'Undefined varia...', 'C:\\xampp\\htdocs...', 40)
#1 C:\xampp\htdocs\minii\system\Debug\Toolbar.php(497): include('C:\\xampp\\htdocs...')
#2 C:\xampp\htdocs\minii\system\Debug\Toolbar.php(460): CodeIgniter\Debug\Toolbar->format(Array, 'html')
#3 C:\xampp\htdocs\minii\app\Config\Events.php(48): CodeIgniter\Debug\Toolbar->respond()
#4 C:\xampp\htdocs\minii\system\Events\Events.php(149): CodeIgniter\Events\Events::Config\{closure}()
#5 C:\xampp\htdocs\minii\system\CodeIgniter.php(300): CodeIgniter\Events\Events::trigger('pre_system')
#6 C:\xampp\htdocs\minii\index.php(37): CodeIgniter\CodeIgniter->run()
#7 {main}
CRITICAL - 2022-03-27 10:30:55 --> Undefined variable $totalTime
#0 C:\xampp\htdocs\minii\system\Debug\Toolbar\Views\toolbar.tpl.php(40): CodeIgniter\Debug\Exceptions->errorHandler(2, 'Undefined varia...', 'C:\\xampp\\htdocs...', 40)
#1 C:\xampp\htdocs\minii\system\Debug\Toolbar.php(497): include('C:\\xampp\\htdocs...')
#2 C:\xampp\htdocs\minii\system\Debug\Toolbar.php(460): CodeIgniter\Debug\Toolbar->format(Array, 'html')
#3 C:\xampp\htdocs\minii\app\Config\Events.php(48): CodeIgniter\Debug\Toolbar->respond()
#4 C:\xampp\htdocs\minii\system\Events\Events.php(149): CodeIgniter\Events\Events::Config\{closure}()
#5 C:\xampp\htdocs\minii\system\CodeIgniter.php(300): CodeIgniter\Events\Events::trigger('pre_system')
#6 C:\xampp\htdocs\minii\index.php(37): CodeIgniter\CodeIgniter->run()
#7 {main}
CRITICAL - 2022-03-27 10:47:02 --> Undefined variable $totalTime
#0 C:\xampp\htdocs\minii\system\Debug\Toolbar\Views\toolbar.tpl.php(40): CodeIgniter\Debug\Exceptions->errorHandler(2, 'Undefined varia...', 'C:\\xampp\\htdocs...', 40)
#1 C:\xampp\htdocs\minii\system\Debug\Toolbar.php(497): include('C:\\xampp\\htdocs...')
#2 C:\xampp\htdocs\minii\system\Debug\Toolbar.php(460): CodeIgniter\Debug\Toolbar->format(Array, 'html')
#3 C:\xampp\htdocs\minii\app\Config\Events.php(48): CodeIgniter\Debug\Toolbar->respond()
#4 C:\xampp\htdocs\minii\system\Events\Events.php(149): CodeIgniter\Events\Events::Config\{closure}()
#5 C:\xampp\htdocs\minii\system\CodeIgniter.php(300): CodeIgniter\Events\Events::trigger('pre_system')
#6 C:\xampp\htdocs\minii\index.php(37): CodeIgniter\CodeIgniter->run()
#7 {main}
CRITICAL - 2022-03-27 10:50:30 --> Undefined array key "nominal"
#0 C:\xampp\htdocs\minii\app\Controllers\Antrian.php(62): CodeIgniter\Debug\Exceptions->errorHandler(2, 'Undefined array...', 'C:\\xampp\\htdocs...', 62)
#1 C:\xampp\htdocs\minii\system\CodeIgniter.php(824): App\Controllers\Antrian->rincianPesanan()
#2 C:\xampp\htdocs\minii\system\CodeIgniter.php(410): CodeIgniter\CodeIgniter->runController(Object(App\Controllers\Antrian))
#3 C:\xampp\htdocs\minii\system\CodeIgniter.php(318): CodeIgniter\CodeIgniter->handleRequest(NULL, Object(Config\Cache), false)
#4 C:\xampp\htdocs\minii\index.php(37): CodeIgniter\CodeIgniter->run()
#5 {main}
CRITICAL - 2022-03-27 11:07:45 --> Undefined property: App\Controllers\Antrian::$antrainModel
#0 C:\xampp\htdocs\minii\app\Controllers\Antrian.php(63): CodeIgniter\Debug\Exceptions->errorHandler(2, 'Undefined prope...', 'C:\\xampp\\htdocs...', 63)
#1 C:\xampp\htdocs\minii\system\CodeIgniter.php(824): App\Controllers\Antrian->rincianPesanan()
#2 C:\xampp\htdocs\minii\system\CodeIgniter.php(410): CodeIgniter\CodeIgniter->runController(Object(App\Controllers\Antrian))
#3 C:\xampp\htdocs\minii\system\CodeIgniter.php(318): CodeIgniter\CodeIgniter->handleRequest(NULL, Object(Config\Cache), false)
#4 C:\xampp\htdocs\minii\index.php(37): CodeIgniter\CodeIgniter->run()
#5 {main}
CRITICAL - 2022-03-27 11:08:48 --> Undefined property: App\Controllers\Antrian::$antrainModel
#0 C:\xampp\htdocs\minii\app\Controllers\Antrian.php(65): CodeIgniter\Debug\Exceptions->errorHandler(2, 'Undefined prope...', 'C:\\xampp\\htdocs...', 65)
#1 C:\xampp\htdocs\minii\system\CodeIgniter.php(824): App\Controllers\Antrian->rincianPesanan()
#2 C:\xampp\htdocs\minii\system\CodeIgniter.php(410): CodeIgniter\CodeIgniter->runController(Object(App\Controllers\Antrian))
#3 C:\xampp\htdocs\minii\system\CodeIgniter.php(318): CodeIgniter\CodeIgniter->handleRequest(NULL, Object(Config\Cache), false)
#4 C:\xampp\htdocs\minii\index.php(37): CodeIgniter\CodeIgniter->run()
#5 {main}
CRITICAL - 2022-03-27 11:09:58 --> Undefined property: App\Controllers\Antrian::$antrainModel
#0 C:\xampp\htdocs\minii\app\Controllers\Antrian.php(65): CodeIgniter\Debug\Exceptions->errorHandler(2, 'Undefined prope...', 'C:\\xampp\\htdocs...', 65)
#1 C:\xampp\htdocs\minii\system\CodeIgniter.php(824): App\Controllers\Antrian->rincianPesanan()
#2 C:\xampp\htdocs\minii\system\CodeIgniter.php(410): CodeIgniter\CodeIgniter->runController(Object(App\Controllers\Antrian))
#3 C:\xampp\htdocs\minii\system\CodeIgniter.php(318): CodeIgniter\CodeIgniter->handleRequest(NULL, Object(Config\Cache), false)
#4 C:\xampp\htdocs\minii\index.php(37): CodeIgniter\CodeIgniter->run()
#5 {main}
CRITICAL - 2022-03-27 11:10:09 --> Undefined property: App\Controllers\Antrian::$antrainModel
#0 C:\xampp\htdocs\minii\app\Controllers\Antrian.php(65): CodeIgniter\Debug\Exceptions->errorHandler(2, 'Undefined prope...', 'C:\\xampp\\htdocs...', 65)
#1 C:\xampp\htdocs\minii\system\CodeIgniter.php(824): App\Controllers\Antrian->rincianPesanan()
#2 C:\xampp\htdocs\minii\system\CodeIgniter.php(410): CodeIgniter\CodeIgniter->runController(Object(App\Controllers\Antrian))
#3 C:\xampp\htdocs\minii\system\CodeIgniter.php(318): CodeIgniter\CodeIgniter->handleRequest(NULL, Object(Config\Cache), false)
#4 C:\xampp\htdocs\minii\index.php(37): CodeIgniter\CodeIgniter->run()
#5 {main}
CRITICAL - 2022-03-27 11:10:22 --> Undefined property: App\Controllers\Antrian::$antrainModel
#0 C:\xampp\htdocs\minii\app\Controllers\Antrian.php(65): CodeIgniter\Debug\Exceptions->errorHandler(2, 'Undefined prope...', 'C:\\xampp\\htdocs...', 65)
#1 C:\xampp\htdocs\minii\system\CodeIgniter.php(824): App\Controllers\Antrian->rincianPesanan()
#2 C:\xampp\htdocs\minii\system\CodeIgniter.php(410): CodeIgniter\CodeIgniter->runController(Object(App\Controllers\Antrian))
#3 C:\xampp\htdocs\minii\system\CodeIgniter.php(318): CodeIgniter\CodeIgniter->handleRequest(NULL, Object(Config\Cache), false)
#4 C:\xampp\htdocs\minii\index.php(37): CodeIgniter\CodeIgniter->run()
#5 {main}
CRITICAL - 2022-03-27 11:14:30 --> Undefined property: App\Controllers\Antrian::$antrainModel
#0 C:\xampp\htdocs\minii\app\Controllers\Antrian.php(65): CodeIgniter\Debug\Exceptions->errorHandler(2, 'Undefined prope...', 'C:\\xampp\\htdocs...', 65)
#1 C:\xampp\htdocs\minii\system\CodeIgniter.php(824): App\Controllers\Antrian->rincianPesanan()
#2 C:\xampp\htdocs\minii\system\CodeIgniter.php(410): CodeIgniter\CodeIgniter->runController(Object(App\Controllers\Antrian))
#3 C:\xampp\htdocs\minii\system\CodeIgniter.php(318): CodeIgniter\CodeIgniter->handleRequest(NULL, Object(Config\Cache), false)
#4 C:\xampp\htdocs\minii\index.php(37): CodeIgniter\CodeIgniter->run()
#5 {main}
CRITICAL - 2022-03-27 11:15:35 --> Undefined property: App\Controllers\Antrian::$antrainModel
#0 C:\xampp\htdocs\minii\app\Controllers\Antrian.php(65): CodeIgniter\Debug\Exceptions->errorHandler(2, 'Undefined prope...', 'C:\\xampp\\htdocs...', 65)
#1 C:\xampp\htdocs\minii\system\CodeIgniter.php(824): App\Controllers\Antrian->rincianPesanan()
#2 C:\xampp\htdocs\minii\system\CodeIgniter.php(410): CodeIgniter\CodeIgniter->runController(Object(App\Controllers\Antrian))
#3 C:\xampp\htdocs\minii\system\CodeIgniter.php(318): CodeIgniter\CodeIgniter->handleRequest(NULL, Object(Config\Cache), false)
#4 C:\xampp\htdocs\minii\index.php(37): CodeIgniter\CodeIgniter->run()
#5 {main}
CRITICAL - 2022-03-27 11:18:53 --> Undefined property: App\Controllers\Antrian::$antrainModel
#0 C:\xampp\htdocs\minii\app\Controllers\Antrian.php(64): CodeIgniter\Debug\Exceptions->errorHandler(2, 'Undefined prope...', 'C:\\xampp\\htdocs...', 64)
#1 C:\xampp\htdocs\minii\system\CodeIgniter.php(824): App\Controllers\Antrian->rincianPesanan()
#2 C:\xampp\htdocs\minii\system\CodeIgniter.php(410): CodeIgniter\CodeIgniter->runController(Object(App\Controllers\Antrian))
#3 C:\xampp\htdocs\minii\system\CodeIgniter.php(318): CodeIgniter\CodeIgniter->handleRequest(NULL, Object(Config\Cache), false)
#4 C:\xampp\htdocs\minii\index.php(37): CodeIgniter\CodeIgniter->run()
#5 {main}
CRITICAL - 2022-03-27 11:21:30 --> Undefined property: App\Controllers\Antrian::$antrainModel
#0 C:\xampp\htdocs\minii\app\Controllers\Antrian.php(64): CodeIgniter\Debug\Exceptions->errorHandler(2, 'Undefined prope...', 'C:\\xampp\\htdocs...', 64)
#1 C:\xampp\htdocs\minii\system\CodeIgniter.php(824): App\Controllers\Antrian->rincianPesanan()
#2 C:\xampp\htdocs\minii\system\CodeIgniter.php(410): CodeIgniter\CodeIgniter->runController(Object(App\Controllers\Antrian))
#3 C:\xampp\htdocs\minii\system\CodeIgniter.php(318): CodeIgniter\CodeIgniter->handleRequest(NULL, Object(Config\Cache), false)
#4 C:\xampp\htdocs\minii\index.php(37): CodeIgniter\CodeIgniter->run()
#5 {main}
CRITICAL - 2022-03-27 11:22:57 --> Undefined property: App\Controllers\Antrian::$antrainModel
#0 C:\xampp\htdocs\minii\app\Controllers\Antrian.php(64): CodeIgniter\Debug\Exceptions->errorHandler(2, 'Undefined prope...', 'C:\\xampp\\htdocs...', 64)
#1 C:\xampp\htdocs\minii\system\CodeIgniter.php(824): App\Controllers\Antrian->rincianPesanan()
#2 C:\xampp\htdocs\minii\system\CodeIgniter.php(410): CodeIgniter\CodeIgniter->runController(Object(App\Controllers\Antrian))
#3 C:\xampp\htdocs\minii\system\CodeIgniter.php(318): CodeIgniter\CodeIgniter->handleRequest(NULL, Object(Config\Cache), false)
#4 C:\xampp\htdocs\minii\index.php(37): CodeIgniter\CodeIgniter->run()
#5 {main}
CRITICAL - 2022-03-27 11:24:11 --> Undefined property: App\Controllers\Antrian::$AntrainModel
#0 C:\xampp\htdocs\minii\app\Controllers\Antrian.php(64): CodeIgniter\Debug\Exceptions->errorHandler(2, 'Undefined prope...', 'C:\\xampp\\htdocs...', 64)
#1 C:\xampp\htdocs\minii\system\CodeIgniter.php(824): App\Controllers\Antrian->rincianPesanan()
#2 C:\xampp\htdocs\minii\system\CodeIgniter.php(410): CodeIgniter\CodeIgniter->runController(Object(App\Controllers\Antrian))
#3 C:\xampp\htdocs\minii\system\CodeIgniter.php(318): CodeIgniter\CodeIgniter->handleRequest(NULL, Object(Config\Cache), false)
#4 C:\xampp\htdocs\minii\index.php(37): CodeIgniter\CodeIgniter->run()
#5 {main}
CRITICAL - 2022-03-27 11:26:47 --> Undefined property: App\Controllers\Antrian::$AntrainModel
#0 C:\xampp\htdocs\minii\app\Controllers\Antrian.php(64): CodeIgniter\Debug\Exceptions->errorHandler(2, 'Undefined prope...', 'C:\\xampp\\htdocs...', 64)
#1 C:\xampp\htdocs\minii\system\CodeIgniter.php(824): App\Controllers\Antrian->rincianPesanan()
#2 C:\xampp\htdocs\minii\system\CodeIgniter.php(410): CodeIgniter\CodeIgniter->runController(Object(App\Controllers\Antrian))
#3 C:\xampp\htdocs\minii\system\CodeIgniter.php(318): CodeIgniter\CodeIgniter->handleRequest(NULL, Object(Config\Cache), false)
#4 C:\xampp\htdocs\minii\index.php(37): CodeIgniter\CodeIgniter->run()
#5 {main}
CRITICAL - 2022-03-27 11:26:53 --> Undefined property: App\Controllers\Antrian::$AntrainModel
#0 C:\xampp\htdocs\minii\app\Controllers\Antrian.php(64): CodeIgniter\Debug\Exceptions->errorHandler(2, 'Undefined prope...', 'C:\\xampp\\htdocs...', 64)
#1 C:\xampp\htdocs\minii\system\CodeIgniter.php(824): App\Controllers\Antrian->rincianPesanan()
#2 C:\xampp\htdocs\minii\system\CodeIgniter.php(410): CodeIgniter\CodeIgniter->runController(Object(App\Controllers\Antrian))
#3 C:\xampp\htdocs\minii\system\CodeIgniter.php(318): CodeIgniter\CodeIgniter->handleRequest(NULL, Object(Config\Cache), false)
#4 C:\xampp\htdocs\minii\index.php(37): CodeIgniter\CodeIgniter->run()
#5 {main}
CRITICAL - 2022-03-27 11:28:46 --> Undefined property: App\Controllers\Antrian::$AntrainModel
#0 C:\xampp\htdocs\minii\app\Controllers\Antrian.php(64): CodeIgniter\Debug\Exceptions->errorHandler(2, 'Undefined prope...', 'C:\\xampp\\htdocs...', 64)
#1 C:\xampp\htdocs\minii\system\CodeIgniter.php(824): App\Controllers\Antrian->rincianPesanan()
#2 C:\xampp\htdocs\minii\system\CodeIgniter.php(410): CodeIgniter\CodeIgniter->runController(Object(App\Controllers\Antrian))
#3 C:\xampp\htdocs\minii\system\CodeIgniter.php(318): CodeIgniter\CodeIgniter->handleRequest(NULL, Object(Config\Cache), false)
#4 C:\xampp\htdocs\minii\index.php(37): CodeIgniter\CodeIgniter->run()
#5 {main}
CRITICAL - 2022-03-27 11:29:12 --> Undefined property: App\Controllers\Antrian::$AntrainModel
#0 C:\xampp\htdocs\minii\app\Controllers\Antrian.php(64): CodeIgniter\Debug\Exceptions->errorHandler(2, 'Undefined prope...', 'C:\\xampp\\htdocs...', 64)
#1 C:\xampp\htdocs\minii\system\CodeIgniter.php(824): App\Controllers\Antrian->rincianPesanan()
#2 C:\xampp\htdocs\minii\system\CodeIgniter.php(410): CodeIgniter\CodeIgniter->runController(Object(App\Controllers\Antrian))
#3 C:\xampp\htdocs\minii\system\CodeIgniter.php(318): CodeIgniter\CodeIgniter->handleRequest(NULL, Object(Config\Cache), false)
#4 C:\xampp\htdocs\minii\index.php(37): CodeIgniter\CodeIgniter->run()
#5 {main}
CRITICAL - 2022-03-27 22:43:59 --> Undefined property: App\Controllers\Antrian::$AntrainModel
#0 C:\xampp\htdocs\minii\app\Controllers\Antrian.php(58): CodeIgniter\Debug\Exceptions->errorHandler(2, 'Undefined prope...', 'C:\\xampp\\htdocs...', 58)
#1 C:\xampp\htdocs\minii\system\CodeIgniter.php(824): App\Controllers\Antrian->rincianPesanan()
#2 C:\xampp\htdocs\minii\system\CodeIgniter.php(410): CodeIgniter\CodeIgniter->runController(Object(App\Controllers\Antrian))
#3 C:\xampp\htdocs\minii\system\CodeIgniter.php(318): CodeIgniter\CodeIgniter->handleRequest(NULL, Object(Config\Cache), false)
#4 C:\xampp\htdocs\minii\index.php(37): CodeIgniter\CodeIgniter->run()
#5 {main}
CRITICAL - 2022-03-27 22:44:19 --> Undefined property: App\Controllers\Antrian::$AntrainModel
#0 C:\xampp\htdocs\minii\app\Controllers\Antrian.php(58): CodeIgniter\Debug\Exceptions->errorHandler(2, 'Undefined prope...', 'C:\\xampp\\htdocs...', 58)
#1 C:\xampp\htdocs\minii\system\CodeIgniter.php(824): App\Controllers\Antrian->rincianPesanan()
#2 C:\xampp\htdocs\minii\system\CodeIgniter.php(410): CodeIgniter\CodeIgniter->runController(Object(App\Controllers\Antrian))
#3 C:\xampp\htdocs\minii\system\CodeIgniter.php(318): CodeIgniter\CodeIgniter->handleRequest(NULL, Object(Config\Cache), false)
#4 C:\xampp\htdocs\minii\index.php(37): CodeIgniter\CodeIgniter->run()
#5 {main}
CRITICAL - 2022-03-27 22:44:52 --> Undefined property: App\Controllers\Antrian::$AntrainModel
#0 C:\xampp\htdocs\minii\app\Controllers\Antrian.php(58): CodeIgniter\Debug\Exceptions->errorHandler(2, 'Undefined prope...', 'C:\\xampp\\htdocs...', 58)
#1 C:\xampp\htdocs\minii\system\CodeIgniter.php(824): App\Controllers\Antrian->rincianPesanan()
#2 C:\xampp\htdocs\minii\system\CodeIgniter.php(410): CodeIgniter\CodeIgniter->runController(Object(App\Controllers\Antrian))
#3 C:\xampp\htdocs\minii\system\CodeIgniter.php(318): CodeIgniter\CodeIgniter->handleRequest(NULL, Object(Config\Cache), false)
#4 C:\xampp\htdocs\minii\index.php(37): CodeIgniter\CodeIgniter->run()
#5 {main}
CRITICAL - 2022-03-27 22:45:35 --> Undefined property: App\Controllers\Antrian::$AntrainModel
#0 C:\xampp\htdocs\minii\app\Controllers\Antrian.php(58): CodeIgniter\Debug\Exceptions->errorHandler(2, 'Undefined prope...', 'C:\\xampp\\htdocs...', 58)
#1 C:\xampp\htdocs\minii\system\CodeIgniter.php(824): App\Controllers\Antrian->rincianPesanan()
#2 C:\xampp\htdocs\minii\system\CodeIgniter.php(410): CodeIgniter\CodeIgniter->runController(Object(App\Controllers\Antrian))
#3 C:\xampp\htdocs\minii\system\CodeIgniter.php(318): CodeIgniter\CodeIgniter->handleRequest(NULL, Object(Config\Cache), false)
#4 C:\xampp\htdocs\minii\index.php(37): CodeIgniter\CodeIgniter->run()
#5 {main}
CRITICAL - 2022-03-27 22:50:47 --> Undefined array key "nominal"
#0 C:\xampp\htdocs\minii\app\Controllers\Antrian.php(64): CodeIgniter\Debug\Exceptions->errorHandler(2, 'Undefined array...', 'C:\\xampp\\htdocs...', 64)
#1 C:\xampp\htdocs\minii\system\CodeIgniter.php(824): App\Controllers\Antrian->rincianPesanan()
#2 C:\xampp\htdocs\minii\system\CodeIgniter.php(410): CodeIgniter\CodeIgniter->runController(Object(App\Controllers\Antrian))
#3 C:\xampp\htdocs\minii\system\CodeIgniter.php(318): CodeIgniter\CodeIgniter->handleRequest(NULL, Object(Config\Cache), false)
#4 C:\xampp\htdocs\minii\index.php(37): CodeIgniter\CodeIgniter->run()
#5 {main}
CRITICAL - 2022-03-27 23:16:16 --> Undefined array key "nominal"
#0 C:\xampp\htdocs\minii\app\Controllers\Antrian.php(64): CodeIgniter\Debug\Exceptions->errorHandler(2, 'Undefined array...', 'C:\\xampp\\htdocs...', 64)
#1 C:\xampp\htdocs\minii\system\CodeIgniter.php(824): App\Controllers\Antrian->rincianPesanan()
#2 C:\xampp\htdocs\minii\system\CodeIgniter.php(410): CodeIgniter\CodeIgniter->runController(Object(App\Controllers\Antrian))
#3 C:\xampp\htdocs\minii\system\CodeIgniter.php(318): CodeIgniter\CodeIgniter->handleRequest(NULL, Object(Config\Cache), false)
#4 C:\xampp\htdocs\minii\index.php(37): CodeIgniter\CodeIgniter->run()
#5 {main}
CRITICAL - 2022-03-27 23:19:40 --> Undefined variable $totalTime
#0 C:\xampp\htdocs\minii\system\Debug\Toolbar\Views\toolbar.tpl.php(40): CodeIgniter\Debug\Exceptions->errorHandler(2, 'Undefined varia...', 'C:\\xampp\\htdocs...', 40)
#1 C:\xampp\htdocs\minii\system\Debug\Toolbar.php(497): include('C:\\xampp\\htdocs...')
#2 C:\xampp\htdocs\minii\system\Debug\Toolbar.php(460): CodeIgniter\Debug\Toolbar->format(Array, 'html')
#3 C:\xampp\htdocs\minii\app\Config\Events.php(48): CodeIgniter\Debug\Toolbar->respond()
#4 C:\xampp\htdocs\minii\system\Events\Events.php(149): CodeIgniter\Events\Events::Config\{closure}()
#5 C:\xampp\htdocs\minii\system\CodeIgniter.php(300): CodeIgniter\Events\Events::trigger('pre_system')
#6 C:\xampp\htdocs\minii\index.php(37): CodeIgniter\CodeIgniter->run()
#7 {main}
CRITICAL - 2022-03-27 23:31:47 --> Unsupported operand types: string + int
#0 C:\xampp\htdocs\minii\system\CodeIgniter.php(824): App\Controllers\Antrian->proses()
#1 C:\xampp\htdocs\minii\system\CodeIgniter.php(410): CodeIgniter\CodeIgniter->runController(Object(App\Controllers\Antrian))
#2 C:\xampp\htdocs\minii\system\CodeIgniter.php(318): CodeIgniter\CodeIgniter->handleRequest(NULL, Object(Config\Cache), false)
#3 C:\xampp\htdocs\minii\index.php(37): CodeIgniter\CodeIgniter->run()
#4 {main}
CRITICAL - 2022-03-27 23:31:48 --> Unsupported operand types: string + int
#0 C:\xampp\htdocs\minii\system\CodeIgniter.php(824): App\Controllers\Antrian->proses()
#1 C:\xampp\htdocs\minii\system\CodeIgniter.php(410): CodeIgniter\CodeIgniter->runController(Object(App\Controllers\Antrian))
#2 C:\xampp\htdocs\minii\system\CodeIgniter.php(318): CodeIgniter\CodeIgniter->handleRequest(NULL, Object(Config\Cache), false)
#3 C:\xampp\htdocs\minii\index.php(37): CodeIgniter\CodeIgniter->run()
#4 {main}
CRITICAL - 2022-03-27 23:31:48 --> Unsupported operand types: string + int
#0 C:\xampp\htdocs\minii\system\CodeIgniter.php(824): App\Controllers\Antrian->proses()
#1 C:\xampp\htdocs\minii\system\CodeIgniter.php(410): CodeIgniter\CodeIgniter->runController(Object(App\Controllers\Antrian))
#2 C:\xampp\htdocs\minii\system\CodeIgniter.php(318): CodeIgniter\CodeIgniter->handleRequest(NULL, Object(Config\Cache), false)
#3 C:\xampp\htdocs\minii\index.php(37): CodeIgniter\CodeIgniter->run()
#4 {main}
CRITICAL - 2022-03-27 23:31:48 --> Unsupported operand types: string + int
#0 C:\xampp\htdocs\minii\system\CodeIgniter.php(824): App\Controllers\Antrian->proses()
#1 C:\xampp\htdocs\minii\system\CodeIgniter.php(410): CodeIgniter\CodeIgniter->runController(Object(App\Controllers\Antrian))
#2 C:\xampp\htdocs\minii\system\CodeIgniter.php(318): CodeIgniter\CodeIgniter->handleRequest(NULL, Object(Config\Cache), false)
#3 C:\xampp\htdocs\minii\index.php(37): CodeIgniter\CodeIgniter->run()
#4 {main}
CRITICAL - 2022-03-27 23:32:03 --> Unsupported operand types: string + int
#0 C:\xampp\htdocs\minii\system\CodeIgniter.php(824): App\Controllers\Antrian->proses()
#1 C:\xampp\htdocs\minii\system\CodeIgniter.php(410): CodeIgniter\CodeIgniter->runController(Object(App\Controllers\Antrian))
#2 C:\xampp\htdocs\minii\system\CodeIgniter.php(318): CodeIgniter\CodeIgniter->handleRequest(NULL, Object(Config\Cache), false)
#3 C:\xampp\htdocs\minii\index.php(37): CodeIgniter\CodeIgniter->run()
#4 {main}
CRITICAL - 2022-03-27 23:33:04 --> Unsupported operand types: string + int
#0 C:\xampp\htdocs\minii\system\CodeIgniter.php(824): App\Controllers\Antrian->proses()
#1 C:\xampp\htdocs\minii\system\CodeIgniter.php(410): CodeIgniter\CodeIgniter->runController(Object(App\Controllers\Antrian))
#2 C:\xampp\htdocs\minii\system\CodeIgniter.php(318): CodeIgniter\CodeIgniter->handleRequest(NULL, Object(Config\Cache), false)
#3 C:\xampp\htdocs\minii\index.php(37): CodeIgniter\CodeIgniter->run()
#4 {main}
CRITICAL - 2022-03-27 23:33:05 --> Unsupported operand types: string + int
#0 C:\xampp\htdocs\minii\system\CodeIgniter.php(824): App\Controllers\Antrian->proses()
#1 C:\xampp\htdocs\minii\system\CodeIgniter.php(410): CodeIgniter\CodeIgniter->runController(Object(App\Controllers\Antrian))
#2 C:\xampp\htdocs\minii\system\CodeIgniter.php(318): CodeIgniter\CodeIgniter->handleRequest(NULL, Object(Config\Cache), false)
#3 C:\xampp\htdocs\minii\index.php(37): CodeIgniter\CodeIgniter->run()
#4 {main}
CRITICAL - 2022-03-27 23:33:05 --> Unsupported operand types: string + int
#0 C:\xampp\htdocs\minii\system\CodeIgniter.php(824): App\Controllers\Antrian->proses()
#1 C:\xampp\htdocs\minii\system\CodeIgniter.php(410): CodeIgniter\CodeIgniter->runController(Object(App\Controllers\Antrian))
#2 C:\xampp\htdocs\minii\system\CodeIgniter.php(318): CodeIgniter\CodeIgniter->handleRequest(NULL, Object(Config\Cache), false)
#3 C:\xampp\htdocs\minii\index.php(37): CodeIgniter\CodeIgniter->run()
#4 {main}
CRITICAL - 2022-03-27 23:33:05 --> Unsupported operand types: string + int
#0 C:\xampp\htdocs\minii\system\CodeIgniter.php(824): App\Controllers\Antrian->proses()
#1 C:\xampp\htdocs\minii\system\CodeIgniter.php(410): CodeIgniter\CodeIgniter->runController(Object(App\Controllers\Antrian))
#2 C:\xampp\htdocs\minii\system\CodeIgniter.php(318): CodeIgniter\CodeIgniter->handleRequest(NULL, Object(Config\Cache), false)
#3 C:\xampp\htdocs\minii\index.php(37): CodeIgniter\CodeIgniter->run()
#4 {main}
CRITICAL - 2022-03-27 23:35:23 --> Unsupported operand types: string + int
#0 C:\xampp\htdocs\minii\system\CodeIgniter.php(824): App\Controllers\Antrian->proses()
#1 C:\xampp\htdocs\minii\system\CodeIgniter.php(410): CodeIgniter\CodeIgniter->runController(Object(App\Controllers\Antrian))
#2 C:\xampp\htdocs\minii\system\CodeIgniter.php(318): CodeIgniter\CodeIgniter->handleRequest(NULL, Object(Config\Cache), false)
#3 C:\xampp\htdocs\minii\index.php(37): CodeIgniter\CodeIgniter->run()
#4 {main}
CRITICAL - 2022-03-27 23:35:23 --> Unsupported operand types: string + int
#0 C:\xampp\htdocs\minii\system\CodeIgniter.php(824): App\Controllers\Antrian->proses()
#1 C:\xampp\htdocs\minii\system\CodeIgniter.php(410): CodeIgniter\CodeIgniter->runController(Object(App\Controllers\Antrian))
#2 C:\xampp\htdocs\minii\system\CodeIgniter.php(318): CodeIgniter\CodeIgniter->handleRequest(NULL, Object(Config\Cache), false)
#3 C:\xampp\htdocs\minii\index.php(37): CodeIgniter\CodeIgniter->run()
#4 {main}
CRITICAL - 2022-03-27 23:35:23 --> Unsupported operand types: string + int
#0 C:\xampp\htdocs\minii\system\CodeIgniter.php(824): App\Controllers\Antrian->proses()
#1 C:\xampp\htdocs\minii\system\CodeIgniter.php(410): CodeIgniter\CodeIgniter->runController(Object(App\Controllers\Antrian))
#2 C:\xampp\htdocs\minii\system\CodeIgniter.php(318): CodeIgniter\CodeIgniter->handleRequest(NULL, Object(Config\Cache), false)
#3 C:\xampp\htdocs\minii\index.php(37): CodeIgniter\CodeIgniter->run()
#4 {main}
CRITICAL - 2022-03-27 23:35:24 --> Unsupported operand types: string + int
#0 C:\xampp\htdocs\minii\system\CodeIgniter.php(824): App\Controllers\Antrian->proses()
#1 C:\xampp\htdocs\minii\system\CodeIgniter.php(410): CodeIgniter\CodeIgniter->runController(Object(App\Controllers\Antrian))
#2 C:\xampp\htdocs\minii\system\CodeIgniter.php(318): CodeIgniter\CodeIgniter->handleRequest(NULL, Object(Config\Cache), false)
#3 C:\xampp\htdocs\minii\index.php(37): CodeIgniter\CodeIgniter->run()
#4 {main}
CRITICAL - 2022-03-27 23:35:24 --> Unsupported operand types: string + int
#0 C:\xampp\htdocs\minii\system\CodeIgniter.php(824): App\Controllers\Antrian->proses()
#1 C:\xampp\htdocs\minii\system\CodeIgniter.php(410): CodeIgniter\CodeIgniter->runController(Object(App\Controllers\Antrian))
#2 C:\xampp\htdocs\minii\system\CodeIgniter.php(318): CodeIgniter\CodeIgniter->handleRequest(NULL, Object(Config\Cache), false)
#3 C:\xampp\htdocs\minii\index.php(37): CodeIgniter\CodeIgniter->run()
#4 {main}
CRITICAL - 2022-03-27 23:35:24 --> Unsupported operand types: string + int
#0 C:\xampp\htdocs\minii\system\CodeIgniter.php(824): App\Controllers\Antrian->proses()
#1 C:\xampp\htdocs\minii\system\CodeIgniter.php(410): CodeIgniter\CodeIgniter->runController(Object(App\Controllers\Antrian))
#2 C:\xampp\htdocs\minii\system\CodeIgniter.php(318): CodeIgniter\CodeIgniter->handleRequest(NULL, Object(Config\Cache), false)
#3 C:\xampp\htdocs\minii\index.php(37): CodeIgniter\CodeIgniter->run()
#4 {main}
CRITICAL - 2022-03-27 23:35:24 --> Unsupported operand types: string + int
#0 C:\xampp\htdocs\minii\system\CodeIgniter.php(824): App\Controllers\Antrian->proses()
#1 C:\xampp\htdocs\minii\system\CodeIgniter.php(410): CodeIgniter\CodeIgniter->runController(Object(App\Controllers\Antrian))
#2 C:\xampp\htdocs\minii\system\CodeIgniter.php(318): CodeIgniter\CodeIgniter->handleRequest(NULL, Object(Config\Cache), false)
#3 C:\xampp\htdocs\minii\index.php(37): CodeIgniter\CodeIgniter->run()
#4 {main}
CRITICAL - 2022-03-27 23:35:24 --> Unsupported operand types: string + int
#0 C:\xampp\htdocs\minii\system\CodeIgniter.php(824): App\Controllers\Antrian->proses()
#1 C:\xampp\htdocs\minii\system\CodeIgniter.php(410): CodeIgniter\CodeIgniter->runController(Object(App\Controllers\Antrian))
#2 C:\xampp\htdocs\minii\system\CodeIgniter.php(318): CodeIgniter\CodeIgniter->handleRequest(NULL, Object(Config\Cache), false)
#3 C:\xampp\htdocs\minii\index.php(37): CodeIgniter\CodeIgniter->run()
#4 {main}
CRITICAL - 2022-03-27 23:35:26 --> Unsupported operand types: string + int
#0 C:\xampp\htdocs\minii\system\CodeIgniter.php(824): App\Controllers\Antrian->proses()
#1 C:\xampp\htdocs\minii\system\CodeIgniter.php(410): CodeIgniter\CodeIgniter->runController(Object(App\Controllers\Antrian))
#2 C:\xampp\htdocs\minii\system\CodeIgniter.php(318): CodeIgniter\CodeIgniter->handleRequest(NULL, Object(Config\Cache), false)
#3 C:\xampp\htdocs\minii\index.php(37): CodeIgniter\CodeIgniter->run()
#4 {main}
CRITICAL - 2022-03-27 23:35:26 --> Unsupported operand types: string + int
#0 C:\xampp\htdocs\minii\system\CodeIgniter.php(824): App\Controllers\Antrian->proses()
#1 C:\xampp\htdocs\minii\system\CodeIgniter.php(410): CodeIgniter\CodeIgniter->runController(Object(App\Controllers\Antrian))
#2 C:\xampp\htdocs\minii\system\CodeIgniter.php(318): CodeIgniter\CodeIgniter->handleRequest(NULL, Object(Config\Cache), false)
#3 C:\xampp\htdocs\minii\index.php(37): CodeIgniter\CodeIgniter->run()
#4 {main}
CRITICAL - 2022-03-27 23:35:26 --> Unsupported operand types: string + int
#0 C:\xampp\htdocs\minii\system\CodeIgniter.php(824): App\Controllers\Antrian->proses()
#1 C:\xampp\htdocs\minii\system\CodeIgniter.php(410): CodeIgniter\CodeIgniter->runController(Object(App\Controllers\Antrian))
#2 C:\xampp\htdocs\minii\system\CodeIgniter.php(318): CodeIgniter\CodeIgniter->handleRequest(NULL, Object(Config\Cache), false)
#3 C:\xampp\htdocs\minii\index.php(37): CodeIgniter\CodeIgniter->run()
#4 {main}
CRITICAL - 2022-03-27 23:35:26 --> Unsupported operand types: string + int
#0 C:\xampp\htdocs\minii\system\CodeIgniter.php(824): App\Controllers\Antrian->proses()
#1 C:\xampp\htdocs\minii\system\CodeIgniter.php(410): CodeIgniter\CodeIgniter->runController(Object(App\Controllers\Antrian))
#2 C:\xampp\htdocs\minii\system\CodeIgniter.php(318): CodeIgniter\CodeIgniter->handleRequest(NULL, Object(Config\Cache), false)
#3 C:\xampp\htdocs\minii\index.php(37): CodeIgniter\CodeIgniter->run()
#4 {main}
CRITICAL - 2022-03-27 23:35:27 --> Unsupported operand types: string + int
#0 C:\xampp\htdocs\minii\system\CodeIgniter.php(824): App\Controllers\Antrian->proses()
#1 C:\xampp\htdocs\minii\system\CodeIgniter.php(410): CodeIgniter\CodeIgniter->runController(Object(App\Controllers\Antrian))
#2 C:\xampp\htdocs\minii\system\CodeIgniter.php(318): CodeIgniter\CodeIgniter->handleRequest(NULL, Object(Config\Cache), false)
#3 C:\xampp\htdocs\minii\index.php(37): CodeIgniter\CodeIgniter->run()
#4 {main}
CRITICAL - 2022-03-27 23:35:27 --> Unsupported operand types: string + int
#0 C:\xampp\htdocs\minii\system\CodeIgniter.php(824): App\Controllers\Antrian->proses()
#1 C:\xampp\htdocs\minii\system\CodeIgniter.php(410): CodeIgniter\CodeIgniter->runController(Object(App\Controllers\Antrian))
#2 C:\xampp\htdocs\minii\system\CodeIgniter.php(318): CodeIgniter\CodeIgniter->handleRequest(NULL, Object(Config\Cache), false)
#3 C:\xampp\htdocs\minii\index.php(37): CodeIgniter\CodeIgniter->run()
#4 {main}
CRITICAL - 2022-03-27 23:42:02 --> Unsupported operand types: string + int
#0 C:\xampp\htdocs\minii\system\CodeIgniter.php(824): App\Controllers\Antrian->proses()
#1 C:\xampp\htdocs\minii\system\CodeIgniter.php(410): CodeIgniter\CodeIgniter->runController(Object(App\Controllers\Antrian))
#2 C:\xampp\htdocs\minii\system\CodeIgniter.php(318): CodeIgniter\CodeIgniter->handleRequest(NULL, Object(Config\Cache), false)
#3 C:\xampp\htdocs\minii\index.php(37): CodeIgniter\CodeIgniter->run()
#4 {main}
CRITICAL - 2022-03-27 23:42:03 --> Unsupported operand types: string + int
#0 C:\xampp\htdocs\minii\system\CodeIgniter.php(824): App\Controllers\Antrian->proses()
#1 C:\xampp\htdocs\minii\system\CodeIgniter.php(410): CodeIgniter\CodeIgniter->runController(Object(App\Controllers\Antrian))
#2 C:\xampp\htdocs\minii\system\CodeIgniter.php(318): CodeIgniter\CodeIgniter->handleRequest(NULL, Object(Config\Cache), false)
#3 C:\xampp\htdocs\minii\index.php(37): CodeIgniter\CodeIgniter->run()
#4 {main}
CRITICAL - 2022-03-27 23:42:03 --> Unsupported operand types: string + int
#0 C:\xampp\htdocs\minii\system\CodeIgniter.php(824): App\Controllers\Antrian->proses()
#1 C:\xampp\htdocs\minii\system\CodeIgniter.php(410): CodeIgniter\CodeIgniter->runController(Object(App\Controllers\Antrian))
#2 C:\xampp\htdocs\minii\system\CodeIgniter.php(318): CodeIgniter\CodeIgniter->handleRequest(NULL, Object(Config\Cache), false)
#3 C:\xampp\htdocs\minii\index.php(37): CodeIgniter\CodeIgniter->run()
#4 {main}
CRITICAL - 2022-03-27 23:42:03 --> Unsupported operand types: string + int
#0 C:\xampp\htdocs\minii\system\CodeIgniter.php(824): App\Controllers\Antrian->proses()
#1 C:\xampp\htdocs\minii\system\CodeIgniter.php(410): CodeIgniter\CodeIgniter->runController(Object(App\Controllers\Antrian))
#2 C:\xampp\htdocs\minii\system\CodeIgniter.php(318): CodeIgniter\CodeIgniter->handleRequest(NULL, Object(Config\Cache), false)
#3 C:\xampp\htdocs\minii\index.php(37): CodeIgniter\CodeIgniter->run()
#4 {main}
CRITICAL - 2022-03-27 23:42:03 --> Unsupported operand types: string + int
#0 C:\xampp\htdocs\minii\system\CodeIgniter.php(824): App\Controllers\Antrian->proses()
#1 C:\xampp\htdocs\minii\system\CodeIgniter.php(410): CodeIgniter\CodeIgniter->runController(Object(App\Controllers\Antrian))
#2 C:\xampp\htdocs\minii\system\CodeIgniter.php(318): CodeIgniter\CodeIgniter->handleRequest(NULL, Object(Config\Cache), false)
#3 C:\xampp\htdocs\minii\index.php(37): CodeIgniter\CodeIgniter->run()
#4 {main}
CRITICAL - 2022-03-27 23:42:04 --> Unsupported operand types: string + int
#0 C:\xampp\htdocs\minii\system\CodeIgniter.php(824): App\Controllers\Antrian->proses()
#1 C:\xampp\htdocs\minii\system\CodeIgniter.php(410): CodeIgniter\CodeIgniter->runController(Object(App\Controllers\Antrian))
#2 C:\xampp\htdocs\minii\system\CodeIgniter.php(318): CodeIgniter\CodeIgniter->handleRequest(NULL, Object(Config\Cache), false)
#3 C:\xampp\htdocs\minii\index.php(37): CodeIgniter\CodeIgniter->run()
#4 {main}
CRITICAL - 2022-03-27 23:42:04 --> Unsupported operand types: string + int
#0 C:\xampp\htdocs\minii\system\CodeIgniter.php(824): App\Controllers\Antrian->proses()
#1 C:\xampp\htdocs\minii\system\CodeIgniter.php(410): CodeIgniter\CodeIgniter->runController(Object(App\Controllers\Antrian))
#2 C:\xampp\htdocs\minii\system\CodeIgniter.php(318): CodeIgniter\CodeIgniter->handleRequest(NULL, Object(Config\Cache), false)
#3 C:\xampp\htdocs\minii\index.php(37): CodeIgniter\CodeIgniter->run()
#4 {main}
CRITICAL - 2022-03-27 23:42:04 --> Unsupported operand types: string + int
#0 C:\xampp\htdocs\minii\system\CodeIgniter.php(824): App\Controllers\Antrian->proses()
#1 C:\xampp\htdocs\minii\system\CodeIgniter.php(410): CodeIgniter\CodeIgniter->runController(Object(App\Controllers\Antrian))
#2 C:\xampp\htdocs\minii\system\CodeIgniter.php(318): CodeIgniter\CodeIgniter->handleRequest(NULL, Object(Config\Cache), false)
#3 C:\xampp\htdocs\minii\index.php(37): CodeIgniter\CodeIgniter->run()
#4 {main}
CRITICAL - 2022-03-27 23:42:04 --> Unsupported operand types: string + int
#0 C:\xampp\htdocs\minii\system\CodeIgniter.php(824): App\Controllers\Antrian->proses()
#1 C:\xampp\htdocs\minii\system\CodeIgniter.php(410): CodeIgniter\CodeIgniter->runController(Object(App\Controllers\Antrian))
#2 C:\xampp\htdocs\minii\system\CodeIgniter.php(318): CodeIgniter\CodeIgniter->handleRequest(NULL, Object(Config\Cache), false)
#3 C:\xampp\htdocs\minii\index.php(37): CodeIgniter\CodeIgniter->run()
#4 {main}
CRITICAL - 2022-03-27 23:42:05 --> Unsupported operand types: string + int
#0 C:\xampp\htdocs\minii\system\CodeIgniter.php(824): App\Controllers\Antrian->proses()
#1 C:\xampp\htdocs\minii\system\CodeIgniter.php(410): CodeIgniter\CodeIgniter->runController(Object(App\Controllers\Antrian))
#2 C:\xampp\htdocs\minii\system\CodeIgniter.php(318): CodeIgniter\CodeIgniter->handleRequest(NULL, Object(Config\Cache), false)
#3 C:\xampp\htdocs\minii\index.php(37): CodeIgniter\CodeIgniter->run()
#4 {main}
