ERROR - 2022-04-13 15:13:00 --> Table 'cafein.pemesanan' doesn't exist
CRITICAL - 2022-04-13 15:13:00 --> Table 'cafein.pemesanan' doesn't exist
#0 C:\xampp\htdocs\minii\system\Database\MySQLi\Connection.php(292): mysqli->query('SELECT *\nFROM `...', 0)
#1 C:\xampp\htdocs\minii\system\Database\BaseConnection.php(670): CodeIgniter\Database\MySQLi\Connection->execute('SELECT *\nFROM `...')
#2 C:\xampp\htdocs\minii\system\Database\BaseConnection.php(598): CodeIgniter\Database\BaseConnection->simpleQuery('SELECT *\nFROM `...')
#3 C:\xampp\htdocs\minii\system\Database\BaseBuilder.php(1443): CodeIgniter\Database\BaseConnection->query('SELECT *\nFROM `...', Array, false)
#4 C:\xampp\htdocs\minii\system\Model.php(183): CodeIgniter\Database\BaseBuilder->get()
#5 C:\xampp\htdocs\minii\system\BaseModel.php(584): CodeIgniter\Model->doFindAll(0, 0)
#6 C:\xampp\htdocs\minii\app\Controllers\Antrian.php(27): CodeIgniter\BaseModel->findAll()
#7 C:\xampp\htdocs\minii\system\CodeIgniter.php(824): App\Controllers\Antrian->dataAntrian()
#8 C:\xampp\htdocs\minii\system\CodeIgniter.php(410): CodeIgniter\CodeIgniter->runController(Object(App\Controllers\Antrian))
#9 C:\xampp\htdocs\minii\system\CodeIgniter.php(318): CodeIgniter\CodeIgniter->handleRequest(NULL, Object(Config\Cache), false)
#10 C:\xampp\htdocs\minii\index.php(37): CodeIgniter\CodeIgniter->run()
#11 {main}
ERROR - 2022-04-13 15:13:15 --> Table 'cafein.pemesanan' doesn't exist
CRITICAL - 2022-04-13 15:13:15 --> Table 'cafein.pemesanan' doesn't exist
#0 C:\xampp\htdocs\minii\system\Database\MySQLi\Connection.php(292): mysqli->query('INSERT INTO `pe...', 0)
#1 C:\xampp\htdocs\minii\system\Database\BaseConnection.php(670): CodeIgniter\Database\MySQLi\Connection->execute('INSERT INTO `pe...')
#2 C:\xampp\htdocs\minii\system\Database\BaseConnection.php(598): CodeIgniter\Database\BaseConnection->simpleQuery('INSERT INTO `pe...')
#3 C:\xampp\htdocs\minii\system\Database\BaseBuilder.php(1759): CodeIgniter\Database\BaseConnection->query('INSERT INTO `pe...', Array, false)
#4 C:\xampp\htdocs\minii\system\Model.php(239): CodeIgniter\Database\BaseBuilder->insert()
#5 C:\xampp\htdocs\minii\system\BaseModel.php(738): CodeIgniter\Model->doInsert(Array)
#6 C:\xampp\htdocs\minii\system\Model.php(620): CodeIgniter\BaseModel->insert(Array, true)
#7 C:\xampp\htdocs\minii\app\Controllers\pesan.php(47): CodeIgniter\Model->insert(Array)
#8 C:\xampp\htdocs\minii\system\CodeIgniter.php(824): App\Controllers\pesan->tambahPesanan()
#9 C:\xampp\htdocs\minii\system\CodeIgniter.php(410): CodeIgniter\CodeIgniter->runController(Object(App\Controllers\pesan))
#10 C:\xampp\htdocs\minii\system\CodeIgniter.php(318): CodeIgniter\CodeIgniter->handleRequest(NULL, Object(Config\Cache), false)
#11 C:\xampp\htdocs\minii\index.php(37): CodeIgniter\CodeIgniter->run()
#12 {main}
ERROR - 2022-04-13 15:13:25 --> Table 'cafein.pemesanan' doesn't exist
CRITICAL - 2022-04-13 15:13:25 --> Table 'cafein.pemesanan' doesn't exist
#0 C:\xampp\htdocs\minii\system\Database\MySQLi\Connection.php(292): mysqli->query('INSERT INTO `pe...', 0)
#1 C:\xampp\htdocs\minii\system\Database\BaseConnection.php(670): CodeIgniter\Database\MySQLi\Connection->execute('INSERT INTO `pe...')
#2 C:\xampp\htdocs\minii\system\Database\BaseConnection.php(598): CodeIgniter\Database\BaseConnection->simpleQuery('INSERT INTO `pe...')
#3 C:\xampp\htdocs\minii\system\Database\BaseBuilder.php(1759): CodeIgniter\Database\BaseConnection->query('INSERT INTO `pe...', Array, false)
#4 C:\xampp\htdocs\minii\system\Model.php(239): CodeIgniter\Database\BaseBuilder->insert()
#5 C:\xampp\htdocs\minii\system\BaseModel.php(738): CodeIgniter\Model->doInsert(Array)
#6 C:\xampp\htdocs\minii\system\Model.php(620): CodeIgniter\BaseModel->insert(Array, true)
#7 C:\xampp\htdocs\minii\app\Controllers\pesan.php(47): CodeIgniter\Model->insert(Array)
#8 C:\xampp\htdocs\minii\system\CodeIgniter.php(824): App\Controllers\pesan->tambahPesanan()
#9 C:\xampp\htdocs\minii\system\CodeIgniter.php(410): CodeIgniter\CodeIgniter->runController(Object(App\Controllers\pesan))
#10 C:\xampp\htdocs\minii\system\CodeIgniter.php(318): CodeIgniter\CodeIgniter->handleRequest(NULL, Object(Config\Cache), false)
#11 C:\xampp\htdocs\minii\index.php(37): CodeIgniter\CodeIgniter->run()
#12 {main}
ERROR - 2022-04-13 15:16:02 --> Table 'min1.pemesanan' doesn't exist
CRITICAL - 2022-04-13 15:16:02 --> Table 'min1.pemesanan' doesn't exist
#0 C:\xampp\htdocs\minii\system\Database\MySQLi\Connection.php(292): mysqli->query('SELECT *\nFROM `...', 0)
#1 C:\xampp\htdocs\minii\system\Database\BaseConnection.php(670): CodeIgniter\Database\MySQLi\Connection->execute('SELECT *\nFROM `...')
#2 C:\xampp\htdocs\minii\system\Database\BaseConnection.php(598): CodeIgniter\Database\BaseConnection->simpleQuery('SELECT *\nFROM `...')
#3 C:\xampp\htdocs\minii\system\Database\BaseBuilder.php(1443): CodeIgniter\Database\BaseConnection->query('SELECT *\nFROM `...', Array, false)
#4 C:\xampp\htdocs\minii\system\Model.php(183): CodeIgniter\Database\BaseBuilder->get()
#5 C:\xampp\htdocs\minii\system\BaseModel.php(584): CodeIgniter\Model->doFindAll(0, 0)
#6 C:\xampp\htdocs\minii\app\Controllers\Antrian.php(27): CodeIgniter\BaseModel->findAll()
#7 C:\xampp\htdocs\minii\system\CodeIgniter.php(824): App\Controllers\Antrian->dataAntrian()
#8 C:\xampp\htdocs\minii\system\CodeIgniter.php(410): CodeIgniter\CodeIgniter->runController(Object(App\Controllers\Antrian))
#9 C:\xampp\htdocs\minii\system\CodeIgniter.php(318): CodeIgniter\CodeIgniter->handleRequest(NULL, Object(Config\Cache), false)
#10 C:\xampp\htdocs\minii\index.php(37): CodeIgniter\CodeIgniter->run()
#11 {main}
ERROR - 2022-04-13 15:16:17 --> Table 'min1.pemesanan' doesn't exist
CRITICAL - 2022-04-13 15:16:17 --> Table 'min1.pemesanan' doesn't exist
#0 C:\xampp\htdocs\minii\system\Database\MySQLi\Connection.php(292): mysqli->query('INSERT INTO `pe...', 0)
#1 C:\xampp\htdocs\minii\system\Database\BaseConnection.php(670): CodeIgniter\Database\MySQLi\Connection->execute('INSERT INTO `pe...')
#2 C:\xampp\htdocs\minii\system\Database\BaseConnection.php(598): CodeIgniter\Database\BaseConnection->simpleQuery('INSERT INTO `pe...')
#3 C:\xampp\htdocs\minii\system\Database\BaseBuilder.php(1759): CodeIgniter\Database\BaseConnection->query('INSERT INTO `pe...', Array, false)
#4 C:\xampp\htdocs\minii\system\Model.php(239): CodeIgniter\Database\BaseBuilder->insert()
#5 C:\xampp\htdocs\minii\system\BaseModel.php(738): CodeIgniter\Model->doInsert(Array)
#6 C:\xampp\htdocs\minii\system\Model.php(620): CodeIgniter\BaseModel->insert(Array, true)
#7 C:\xampp\htdocs\minii\app\Controllers\pesan.php(47): CodeIgniter\Model->insert(Array)
#8 C:\xampp\htdocs\minii\system\CodeIgniter.php(824): App\Controllers\pesan->tambahPesanan()
#9 C:\xampp\htdocs\minii\system\CodeIgniter.php(410): CodeIgniter\CodeIgniter->runController(Object(App\Controllers\pesan))
#10 C:\xampp\htdocs\minii\system\CodeIgniter.php(318): CodeIgniter\CodeIgniter->handleRequest(NULL, Object(Config\Cache), false)
#11 C:\xampp\htdocs\minii\index.php(37): CodeIgniter\CodeIgniter->run()
#12 {main}
ERROR - 2022-04-13 15:16:51 --> Table 'min1.pemesanan' doesn't exist
CRITICAL - 2022-04-13 15:16:51 --> Table 'min1.pemesanan' doesn't exist
#0 C:\xampp\htdocs\minii\system\Database\MySQLi\Connection.php(292): mysqli->query('INSERT INTO `pe...', 0)
#1 C:\xampp\htdocs\minii\system\Database\BaseConnection.php(670): CodeIgniter\Database\MySQLi\Connection->execute('INSERT INTO `pe...')
#2 C:\xampp\htdocs\minii\system\Database\BaseConnection.php(598): CodeIgniter\Database\BaseConnection->simpleQuery('INSERT INTO `pe...')
#3 C:\xampp\htdocs\minii\system\Database\BaseBuilder.php(1759): CodeIgniter\Database\BaseConnection->query('INSERT INTO `pe...', Array, false)
#4 C:\xampp\htdocs\minii\system\Model.php(239): CodeIgniter\Database\BaseBuilder->insert()
#5 C:\xampp\htdocs\minii\system\BaseModel.php(738): CodeIgniter\Model->doInsert(Array)
#6 C:\xampp\htdocs\minii\system\Model.php(620): CodeIgniter\BaseModel->insert(Array, true)
#7 C:\xampp\htdocs\minii\app\Controllers\pesan.php(47): CodeIgniter\Model->insert(Array)
#8 C:\xampp\htdocs\minii\system\CodeIgniter.php(824): App\Controllers\pesan->tambahPesanan()
#9 C:\xampp\htdocs\minii\system\CodeIgniter.php(410): CodeIgniter\CodeIgniter->runController(Object(App\Controllers\pesan))
#10 C:\xampp\htdocs\minii\system\CodeIgniter.php(318): CodeIgniter\CodeIgniter->handleRequest(NULL, Object(Config\Cache), false)
#11 C:\xampp\htdocs\minii\index.php(37): CodeIgniter\CodeIgniter->run()
#12 {main}
ERROR - 2022-04-13 15:18:07 --> Table 'min1.pemesanan' doesn't exist
CRITICAL - 2022-04-13 15:18:07 --> Table 'min1.pemesanan' doesn't exist
#0 C:\xampp\htdocs\minii\system\Database\MySQLi\Connection.php(292): mysqli->query('INSERT INTO `pe...', 0)
#1 C:\xampp\htdocs\minii\system\Database\BaseConnection.php(670): CodeIgniter\Database\MySQLi\Connection->execute('INSERT INTO `pe...')
#2 C:\xampp\htdocs\minii\system\Database\BaseConnection.php(598): CodeIgniter\Database\BaseConnection->simpleQuery('INSERT INTO `pe...')
#3 C:\xampp\htdocs\minii\system\Database\BaseBuilder.php(1759): CodeIgniter\Database\BaseConnection->query('INSERT INTO `pe...', Array, false)
#4 C:\xampp\htdocs\minii\system\Model.php(239): CodeIgniter\Database\BaseBuilder->insert()
#5 C:\xampp\htdocs\minii\system\BaseModel.php(738): CodeIgniter\Model->doInsert(Array)
#6 C:\xampp\htdocs\minii\system\Model.php(620): CodeIgniter\BaseModel->insert(Array, true)
#7 C:\xampp\htdocs\minii\app\Controllers\pesan.php(47): CodeIgniter\Model->insert(Array)
#8 C:\xampp\htdocs\minii\system\CodeIgniter.php(824): App\Controllers\pesan->tambahPesanan()
#9 C:\xampp\htdocs\minii\system\CodeIgniter.php(410): CodeIgniter\CodeIgniter->runController(Object(App\Controllers\pesan))
#10 C:\xampp\htdocs\minii\system\CodeIgniter.php(318): CodeIgniter\CodeIgniter->handleRequest(NULL, Object(Config\Cache), false)
#11 C:\xampp\htdocs\minii\index.php(37): CodeIgniter\CodeIgniter->run()
#12 {main}
ERROR - 2022-04-13 15:19:01 --> Unknown column 'nominal' in 'field list'
CRITICAL - 2022-04-13 15:19:01 --> Unknown column 'nominal' in 'field list'
#0 C:\xampp\htdocs\minii\system\Database\MySQLi\Connection.php(292): mysqli->query('INSERT INTO `an...', 0)
#1 C:\xampp\htdocs\minii\system\Database\BaseConnection.php(670): CodeIgniter\Database\MySQLi\Connection->execute('INSERT INTO `an...')
#2 C:\xampp\htdocs\minii\system\Database\BaseConnection.php(598): CodeIgniter\Database\BaseConnection->simpleQuery('INSERT INTO `an...')
#3 C:\xampp\htdocs\minii\system\Database\BaseBuilder.php(1759): CodeIgniter\Database\BaseConnection->query('INSERT INTO `an...', Array, false)
#4 C:\xampp\htdocs\minii\system\Model.php(239): CodeIgniter\Database\BaseBuilder->insert()
#5 C:\xampp\htdocs\minii\system\BaseModel.php(738): CodeIgniter\Model->doInsert(Array)
#6 C:\xampp\htdocs\minii\system\Model.php(620): CodeIgniter\BaseModel->insert(Array, true)
#7 C:\xampp\htdocs\minii\app\Controllers\pesan.php(47): CodeIgniter\Model->insert(Array)
#8 C:\xampp\htdocs\minii\system\CodeIgniter.php(824): App\Controllers\pesan->tambahPesanan()
#9 C:\xampp\htdocs\minii\system\CodeIgniter.php(410): CodeIgniter\CodeIgniter->runController(Object(App\Controllers\pesan))
#10 C:\xampp\htdocs\minii\system\CodeIgniter.php(318): CodeIgniter\CodeIgniter->handleRequest(NULL, Object(Config\Cache), false)
#11 C:\xampp\htdocs\minii\index.php(37): CodeIgniter\CodeIgniter->run()
#12 {main}
ERROR - 2022-04-13 15:20:32 --> Unknown column 'nominal' in 'field list'
CRITICAL - 2022-04-13 15:20:32 --> Unknown column 'nominal' in 'field list'
#0 C:\xampp\htdocs\minii\system\Database\MySQLi\Connection.php(292): mysqli->query('INSERT INTO `an...', 0)
#1 C:\xampp\htdocs\minii\system\Database\BaseConnection.php(670): CodeIgniter\Database\MySQLi\Connection->execute('INSERT INTO `an...')
#2 C:\xampp\htdocs\minii\system\Database\BaseConnection.php(598): CodeIgniter\Database\BaseConnection->simpleQuery('INSERT INTO `an...')
#3 C:\xampp\htdocs\minii\system\Database\BaseBuilder.php(1759): CodeIgniter\Database\BaseConnection->query('INSERT INTO `an...', Array, false)
#4 C:\xampp\htdocs\minii\system\Model.php(239): CodeIgniter\Database\BaseBuilder->insert()
#5 C:\xampp\htdocs\minii\system\BaseModel.php(738): CodeIgniter\Model->doInsert(Array)
#6 C:\xampp\htdocs\minii\system\Model.php(620): CodeIgniter\BaseModel->insert(Array, true)
#7 C:\xampp\htdocs\minii\app\Controllers\pesan.php(47): CodeIgniter\Model->insert(Array)
#8 C:\xampp\htdocs\minii\system\CodeIgniter.php(824): App\Controllers\pesan->tambahPesanan()
#9 C:\xampp\htdocs\minii\system\CodeIgniter.php(410): CodeIgniter\CodeIgniter->runController(Object(App\Controllers\pesan))
#10 C:\xampp\htdocs\minii\system\CodeIgniter.php(318): CodeIgniter\CodeIgniter->handleRequest(NULL, Object(Config\Cache), false)
#11 C:\xampp\htdocs\minii\index.php(37): CodeIgniter\CodeIgniter->run()
#12 {main}
ERROR - 2022-04-13 15:21:49 --> Unknown column 'nominal' in 'field list'
CRITICAL - 2022-04-13 15:21:49 --> Unknown column 'nominal' in 'field list'
#0 C:\xampp\htdocs\minii\system\Database\MySQLi\Connection.php(292): mysqli->query('INSERT INTO `an...', 0)
#1 C:\xampp\htdocs\minii\system\Database\BaseConnection.php(670): CodeIgniter\Database\MySQLi\Connection->execute('INSERT INTO `an...')
#2 C:\xampp\htdocs\minii\system\Database\BaseConnection.php(598): CodeIgniter\Database\BaseConnection->simpleQuery('INSERT INTO `an...')
#3 C:\xampp\htdocs\minii\system\Database\BaseBuilder.php(1759): CodeIgniter\Database\BaseConnection->query('INSERT INTO `an...', Array, false)
#4 C:\xampp\htdocs\minii\system\Model.php(239): CodeIgniter\Database\BaseBuilder->insert()
#5 C:\xampp\htdocs\minii\system\BaseModel.php(738): CodeIgniter\Model->doInsert(Array)
#6 C:\xampp\htdocs\minii\system\Model.php(620): CodeIgniter\BaseModel->insert(Array, true)
#7 C:\xampp\htdocs\minii\app\Controllers\pesan.php(47): CodeIgniter\Model->insert(Array)
#8 C:\xampp\htdocs\minii\system\CodeIgniter.php(824): App\Controllers\pesan->tambahPesanan()
#9 C:\xampp\htdocs\minii\system\CodeIgniter.php(410): CodeIgniter\CodeIgniter->runController(Object(App\Controllers\pesan))
#10 C:\xampp\htdocs\minii\system\CodeIgniter.php(318): CodeIgniter\CodeIgniter->handleRequest(NULL, Object(Config\Cache), false)
#11 C:\xampp\htdocs\minii\index.php(37): CodeIgniter\CodeIgniter->run()
#12 {main}
ERROR - 2022-04-13 15:24:47 --> Unknown column 'nominal' in 'field list'
CRITICAL - 2022-04-13 15:24:47 --> Unknown column 'nominal' in 'field list'
#0 C:\xampp\htdocs\minii\system\Database\MySQLi\Connection.php(292): mysqli->query('INSERT INTO `an...', 0)
#1 C:\xampp\htdocs\minii\system\Database\BaseConnection.php(670): CodeIgniter\Database\MySQLi\Connection->execute('INSERT INTO `an...')
#2 C:\xampp\htdocs\minii\system\Database\BaseConnection.php(598): CodeIgniter\Database\BaseConnection->simpleQuery('INSERT INTO `an...')
#3 C:\xampp\htdocs\minii\system\Database\BaseBuilder.php(1759): CodeIgniter\Database\BaseConnection->query('INSERT INTO `an...', Array, false)
#4 C:\xampp\htdocs\minii\system\Model.php(239): CodeIgniter\Database\BaseBuilder->insert()
#5 C:\xampp\htdocs\minii\system\BaseModel.php(738): CodeIgniter\Model->doInsert(Array)
#6 C:\xampp\htdocs\minii\system\Model.php(620): CodeIgniter\BaseModel->insert(Array, true)
#7 C:\xampp\htdocs\minii\app\Controllers\pesan.php(47): CodeIgniter\Model->insert(Array)
#8 C:\xampp\htdocs\minii\system\CodeIgniter.php(824): App\Controllers\pesan->tambahPesanan()
#9 C:\xampp\htdocs\minii\system\CodeIgniter.php(410): CodeIgniter\CodeIgniter->runController(Object(App\Controllers\pesan))
#10 C:\xampp\htdocs\minii\system\CodeIgniter.php(318): CodeIgniter\CodeIgniter->handleRequest(NULL, Object(Config\Cache), false)
#11 C:\xampp\htdocs\minii\index.php(37): CodeIgniter\CodeIgniter->run()
#12 {main}
